  [4;36;1mSQL (12.1ms)[0m   [0;1m SELECT name
 FROM sqlite_master
 WHERE type = 'table' AND NOT name = 'sqlite_sequence'
[0m
  [4;35;1mSQL (0.2ms)[0m   [0mselect sqlite_version(*)[0m
  [4;36;1mSQL (4.0ms)[0m   [0;1mCREATE TABLE "schema_migrations" ("version" varchar(255) NOT NULL) [0m
  [4;35;1mSQL (3.0ms)[0m   [0mCREATE UNIQUE INDEX "unique_schema_migrations" ON "schema_migrations" ("version")[0m
  [4;36;1mSQL (0.3ms)[0m   [0;1m SELECT name
 FROM sqlite_master
 WHERE type = 'table' AND NOT name = 'sqlite_sequence'
[0m
  [4;35;1mSQL (0.2ms)[0m   [0mSELECT version FROM schema_migrations[0m
Migrating to CreateUsers (20090423230636)
  [4;36;1mSQL (0.2ms)[0m   [0;1m SELECT name
 FROM sqlite_master
 WHERE type = 'table' AND NOT name = 'sqlite_sequence'
[0m
  [4;35;1mSQL (0.7ms)[0m   [0mCREATE TABLE "users" ("id" INTEGER PRIMARY KEY AUTOINCREMENT NOT NULL, "login" varchar(40), "name" varchar(100) DEFAULT '', "email" varchar(100), "crypted_password" varchar(40), "salt" varchar(40), "created_at" datetime, "updated_at" datetime, "remember_token" varchar(40), "remember_token_expires_at" datetime, "activation_code" varchar(40), "activated_at" datetime, "state" varchar(255) DEFAULT 'passive', "deleted_at" datetime) [0m
  [4;36;1mSQL (0.6ms)[0m   [0;1mCREATE UNIQUE INDEX "index_users_on_login" ON "users" ("login")[0m
  [4;35;1mSQL (0.2ms)[0m   [0mINSERT INTO schema_migrations (version) VALUES ('20090423230636')[0m
Migrating to CreateRoles (20090423230639)
  [4;36;1mSQL (0.6ms)[0m   [0;1mCREATE TABLE "roles" ("id" INTEGER PRIMARY KEY AUTOINCREMENT NOT NULL, "name" varchar(255)) [0m
  [4;35;1mSQL (0.2ms)[0m   [0mCREATE TABLE "roles_users" ("role_id" integer, "user_id" integer) [0m
  [4;36;1mSQL (0.2ms)[0m   [0;1mCREATE INDEX "index_roles_users_on_role_id" ON "roles_users" ("role_id")[0m
  [4;35;1mSQL (0.2ms)[0m   [0mCREATE INDEX "index_roles_users_on_user_id" ON "roles_users" ("user_id")[0m
  [4;36;1mSQL (0.2ms)[0m   [0;1mINSERT INTO schema_migrations (version) VALUES ('20090423230639')[0m
Migrating to CreateSessions (20090423230647)
  [4;35;1mSQL (0.6ms)[0m   [0mCREATE TABLE "sessions" ("id" INTEGER PRIMARY KEY AUTOINCREMENT NOT NULL, "session_id" varchar(255) NOT NULL, "data" text, "created_at" datetime, "updated_at" datetime) [0m
  [4;36;1mSQL (0.2ms)[0m   [0;1mCREATE INDEX "index_sessions_on_session_id" ON "sessions" ("session_id")[0m
  [4;35;1mSQL (0.3ms)[0m   [0mCREATE INDEX "index_sessions_on_updated_at" ON "sessions" ("updated_at")[0m
  [4;36;1mSQL (0.1ms)[0m   [0;1mINSERT INTO schema_migrations (version) VALUES ('20090423230647')[0m
Migrating to AddActsAsTaggableTables (20090423230650)
  [4;35;1mSQL (0.8ms)[0m   [0mCREATE TABLE "tags" ("id" INTEGER PRIMARY KEY AUTOINCREMENT NOT NULL, "name" varchar(255), "taggings_count" integer DEFAULT 0 NOT NULL) [0m
  [4;36;1mSQL (0.2ms)[0m   [0;1mCREATE INDEX "index_tags_on_name" ON "tags" ("name")[0m
  [4;35;1mSQL (0.2ms)[0m   [0mCREATE INDEX "index_tags_on_taggings_count" ON "tags" ("taggings_count")[0m
  [4;36;1mSQL (0.2ms)[0m   [0;1mCREATE TABLE "taggings" ("id" INTEGER PRIMARY KEY AUTOINCREMENT NOT NULL, "tag_id" integer, "taggable_id" integer, "taggable_type" varchar(255), "user_id" integer) [0m
  [4;35;1mSQL (0.2ms)[0m   [0mCREATE INDEX "index_taggings_on_tag_id_and_taggable_type" ON "taggings" ("tag_id", "taggable_type")[0m
  [4;36;1mSQL (0.2ms)[0m   [0;1mCREATE INDEX "index_taggings_on_user_id_and_tag_id_and_taggable_type" ON "taggings" ("user_id", "tag_id", "taggable_type")[0m
  [4;35;1mSQL (0.2ms)[0m   [0mCREATE INDEX "index_taggings_on_taggable_id_and_taggable_type" ON "taggings" ("taggable_id", "taggable_type")[0m
  [4;36;1mSQL (0.2ms)[0m   [0;1mCREATE INDEX "index_taggings_on_user_id_and_taggable_id_and_taggable_type" ON "taggings" ("user_id", "taggable_id", "taggable_type")[0m
  [4;35;1mSQL (0.1ms)[0m   [0mINSERT INTO schema_migrations (version) VALUES ('20090423230650')[0m
  [4;36;1mSQL (0.5ms)[0m   [0;1m SELECT name
 FROM sqlite_master
 WHERE type = 'table' AND NOT name = 'sqlite_sequence'
[0m
  [4;35;1mSQL (0.3ms)[0m   [0mSELECT version FROM schema_migrations[0m
  [4;36;1mSQL (0.4ms)[0m   [0;1m SELECT name
 FROM sqlite_master
 WHERE type = 'table' AND NOT name = 'sqlite_sequence'
[0m
  [4;35;1mSQL (0.1ms)[0m   [0mPRAGMA index_list("roles")[0m
  [4;36;1mSQL (0.2ms)[0m   [0;1mPRAGMA index_list("roles_users")[0m
  [4;35;1mSQL (0.1ms)[0m   [0mPRAGMA index_info('index_roles_users_on_user_id')[0m
  [4;36;1mSQL (0.1ms)[0m   [0;1mPRAGMA index_info('index_roles_users_on_role_id')[0m
  [4;35;1mSQL (0.2ms)[0m   [0mPRAGMA index_list("sessions")[0m
  [4;36;1mSQL (0.1ms)[0m   [0;1mPRAGMA index_info('index_sessions_on_updated_at')[0m
  [4;35;1mSQL (0.1ms)[0m   [0mPRAGMA index_info('index_sessions_on_session_id')[0m
  [4;36;1mSQL (0.3ms)[0m   [0;1mPRAGMA index_list("taggings")[0m
  [4;35;1mSQL (0.2ms)[0m   [0mPRAGMA index_info('index_taggings_on_user_id_and_taggable_id_and_taggable_type')[0m
  [4;36;1mSQL (0.2ms)[0m   [0;1mPRAGMA index_info('index_taggings_on_taggable_id_and_taggable_type')[0m
  [4;35;1mSQL (0.2ms)[0m   [0mPRAGMA index_info('index_taggings_on_user_id_and_tag_id_and_taggable_type')[0m
  [4;36;1mSQL (0.2ms)[0m   [0;1mPRAGMA index_info('index_taggings_on_tag_id_and_taggable_type')[0m
  [4;35;1mSQL (0.2ms)[0m   [0mPRAGMA index_list("tags")[0m
  [4;36;1mSQL (0.1ms)[0m   [0;1mPRAGMA index_info('index_tags_on_taggings_count')[0m
  [4;35;1mSQL (0.1ms)[0m   [0mPRAGMA index_info('index_tags_on_name')[0m
  [4;36;1mSQL (0.2ms)[0m   [0;1mPRAGMA index_list("users")[0m
  [4;35;1mSQL (0.1ms)[0m   [0mPRAGMA index_info('index_users_on_login')[0m
  [4;36;1mSQL (61.3ms)[0m   [0;1m SELECT name
 FROM sqlite_master
 WHERE type = 'table' AND NOT name = 'sqlite_sequence'
[0m
  [4;35;1mSQL (0.4ms)[0m   [0mSELECT version FROM schema_migrations[0m
Migrating to CreateUsers (20090423230636)
Migrating to CreateRoles (20090423230639)
Migrating to CreateSessions (20090423230647)
Migrating to AddActsAsTaggableTables (20090423230650)
Migrating to CreatePosts (20090423232357)
  [4;36;1mSQL (0.1ms)[0m   [0;1mselect sqlite_version(*)[0m
  [4;35;1mSQL (0.8ms)[0m   [0mCREATE TABLE "posts" ("id" INTEGER PRIMARY KEY AUTOINCREMENT NOT NULL, "title" varchar(255), "body" text, "comment_count" integer, "created_at" datetime, "updated_at" datetime) [0m
  [4;36;1mSQL (0.2ms)[0m   [0;1mINSERT INTO schema_migrations (version) VALUES ('20090423232357')[0m
Migrating to CreateComments (20090423232701)
  [4;36;1mSQL (1.2ms)[0m   [0;1m SELECT name
 FROM sqlite_master
 WHERE type = 'table' AND NOT name = 'sqlite_sequence'
[0m
  [4;35;1mSQL (0.2ms)[0m   [0mSELECT version FROM schema_migrations[0m
Migrating to CreateUsers (20090423230636)
Migrating to CreateRoles (20090423230639)
Migrating to CreateSessions (20090423230647)
Migrating to AddActsAsTaggableTables (20090423230650)
Migrating to CreatePosts (20090423232357)
Migrating to CreateComments (20090423232701)
  [4;36;1mSQL (0.1ms)[0m   [0;1mselect sqlite_version(*)[0m
  [4;35;1mSQL (0.7ms)[0m   [0mCREATE TABLE "comments" ("id" INTEGER PRIMARY KEY AUTOINCREMENT NOT NULL, "body" text, "lft" integer, "rgt" integer, "parent_id" integer, "post_id" integer, "spam" boolean, "name" varchar(255), "url" varchar(255), "email" varchar(255), "created_at" datetime, "updated_at" datetime) [0m
  [4;36;1mSQL (0.2ms)[0m   [0;1mINSERT INTO schema_migrations (version) VALUES ('20090423232701')[0m
  [4;35;1mSQL (0.6ms)[0m   [0m SELECT name
 FROM sqlite_master
 WHERE type = 'table' AND NOT name = 'sqlite_sequence'
[0m
  [4;36;1mSQL (0.4ms)[0m   [0;1mSELECT version FROM schema_migrations[0m
  [4;35;1mSQL (0.3ms)[0m   [0m SELECT name
 FROM sqlite_master
 WHERE type = 'table' AND NOT name = 'sqlite_sequence'
[0m
  [4;36;1mSQL (0.1ms)[0m   [0;1mPRAGMA index_list("comments")[0m
  [4;35;1mSQL (0.0ms)[0m   [0mPRAGMA index_list("posts")[0m
  [4;36;1mSQL (0.0ms)[0m   [0;1mPRAGMA index_list("roles")[0m
  [4;35;1mSQL (0.1ms)[0m   [0mPRAGMA index_list("roles_users")[0m
  [4;36;1mSQL (0.1ms)[0m   [0;1mPRAGMA index_info('index_roles_users_on_user_id')[0m
  [4;35;1mSQL (0.1ms)[0m   [0mPRAGMA index_info('index_roles_users_on_role_id')[0m
  [4;36;1mSQL (0.1ms)[0m   [0;1mPRAGMA index_list("sessions")[0m
  [4;35;1mSQL (0.1ms)[0m   [0mPRAGMA index_info('index_sessions_on_updated_at')[0m
  [4;36;1mSQL (0.1ms)[0m   [0;1mPRAGMA index_info('index_sessions_on_session_id')[0m
  [4;35;1mSQL (0.2ms)[0m   [0mPRAGMA index_list("taggings")[0m
  [4;36;1mSQL (0.2ms)[0m   [0;1mPRAGMA index_info('index_taggings_on_user_id_and_taggable_id_and_taggable_type')[0m
  [4;35;1mSQL (0.1ms)[0m   [0mPRAGMA index_info('index_taggings_on_taggable_id_and_taggable_type')[0m
  [4;36;1mSQL (0.2ms)[0m   [0;1mPRAGMA index_info('index_taggings_on_user_id_and_tag_id_and_taggable_type')[0m
  [4;35;1mSQL (0.1ms)[0m   [0mPRAGMA index_info('index_taggings_on_tag_id_and_taggable_type')[0m
  [4;36;1mSQL (0.1ms)[0m   [0;1mPRAGMA index_list("tags")[0m
  [4;35;1mSQL (0.1ms)[0m   [0mPRAGMA index_info('index_tags_on_taggings_count')[0m
  [4;36;1mSQL (0.1ms)[0m   [0;1mPRAGMA index_info('index_tags_on_name')[0m
  [4;35;1mSQL (0.1ms)[0m   [0mPRAGMA index_list("users")[0m
  [4;36;1mSQL (0.1ms)[0m   [0;1mPRAGMA index_info('index_users_on_login')[0m


Processing ApplicationController#index (for 127.0.0.1 at 2009-04-23 19:35:00) [GET]

ActionController::RoutingError (No route matches "/" with {:method=>:get}):
  

Rendering rescues/layout (not_found)


Processing ApplicationController#index (for 127.0.0.1 at 2009-04-23 19:35:07) [GET]

ActionController::RoutingError (No route matches "/posts" with {:method=>:get}):
  

Rendering rescues/layout (not_found)


Processing Admin::PostsController#index (for 127.0.0.1 at 2009-04-23 19:35:12) [GET]
  Parameters: {"action"=>"index", "controller"=>"admin/posts"}
  [4;36;1mPost Load (1.1ms)[0m   [0;1mSELECT * FROM "posts" [0m
Rendering template within layouts/admin/posts
Rendering admin/posts/index
Completed in 135ms (View: 131, DB: 1) | 200 OK [http://127.0.0.1/admin/posts]


Processing ApplicationController#index (for 127.0.0.1 at 2009-05-11 16:20:06) [GET]

ActionController::RoutingError (No route matches "/" with {:method=>:get}):
  

Rendering rescues/layout (not_found)


Processing ApplicationController#index (for 127.0.0.1 at 2009-05-11 16:22:49) [GET]

ActionController::RoutingError (No route matches "/" with {:method=>:get}):
  

Rendering rescues/layout (not_found)


Processing PostsController#index (for 127.0.0.1 at 2009-05-11 16:23:28) [GET]
  Parameters: {"action"=>"index", "controller"=>"posts"}
Rendering template within layouts/railsnstuff
Rendering posts/index

ActionView::TemplateError (undefined local variable or method `page_title' for #<ActionView::Base:0x300839c>) on line #7 of app/views/layouts/railsnstuff.html.erb:
4: 
5: <html xmlns="http://www.w3.org/1999/xhtml" xml:lang="en">
6: <head>
7: 	<title><%= page_title %></title>
8: 	<%= stylesheet_link_tag :layout, :railsnstuff, :nav, :cache => 'railsnstuff' %>
9: 	<%= javascript_link_tag :jquery, :application, :cache => true %>
10: </head>

    app/views/layouts/railsnstuff.html.erb:7

Rendered rescues/_trace (34.6ms)
Rendered rescues/_request_and_response (1.3ms)
Rendering rescues/layout (internal_server_error)


Processing PostsController#index (for 127.0.0.1 at 2009-05-11 16:24:09) [GET]
  Parameters: {"action"=>"index", "controller"=>"posts"}
Rendering template within layouts/railsnstuff
Rendering posts/index

ActionView::TemplateError (uninitialized constant ApplicationHelper::SITE_NAME) on line #7 of app/views/layouts/railsnstuff.html.erb:
4: 
5: <html xmlns="http://www.w3.org/1999/xhtml" xml:lang="en">
6: <head>
7: 	<title><%= page_title %></title>
8: 	<%= stylesheet_link_tag :layout, :railsnstuff, :nav, :cache => 'railsnstuff' %>
9: 	<%= javascript_link_tag :jquery, :application, :cache => true %>
10: </head>

    app/helpers/application_helper.rb:4:in `page_title'
    app/views/layouts/railsnstuff.html.erb:7

Rendered rescues/_trace (34.0ms)
Rendered rescues/_request_and_response (0.3ms)
Rendering rescues/layout (internal_server_error)


Processing PostsController#index (for 127.0.0.1 at 2009-05-11 16:26:37) [GET]
  Parameters: {"action"=>"index", "controller"=>"posts"}

NameError (uninitialized constant ApplicationController::CmsPage):
  app/controllers/application_controller.rb:28:in `get_cms_page'

Rendered rescues/_trace (30.6ms)
Rendered rescues/_request_and_response (1.4ms)
Rendering rescues/layout (internal_server_error)


Processing PostsController#index (for 127.0.0.1 at 2009-05-11 16:27:52) [GET]
  Parameters: {"action"=>"index", "controller"=>"posts"}
Rendering template within layouts/railsnstuff
Rendering posts/index

ActionView::TemplateError (No expansion found for :layout) on line #8 of app/views/layouts/railsnstuff.html.erb:
5: <html xmlns="http://www.w3.org/1999/xhtml" xml:lang="en">
6: <head>
7: 	<title><%= page_title %></title>
8: 	<%= stylesheet_link_tag :layout, :railsnstuff, :nav, :cache => 'railsnstuff' %>
9: 	<%= javascript_link_tag :jquery, :application, :cache => true %>
10: </head>
11: 

    app/views/layouts/railsnstuff.html.erb:8

Rendered rescues/_trace (34.3ms)
Rendered rescues/_request_and_response (0.3ms)
Rendering rescues/layout (internal_server_error)


Processing PostsController#index (for 127.0.0.1 at 2009-05-11 16:28:15) [GET]
  Parameters: {"action"=>"index", "controller"=>"posts"}
Rendering template within layouts/railsnstuff
Rendering posts/index

ActionView::TemplateError (No expansion found for :layout) on line #8 of app/views/layouts/railsnstuff.html.erb:
5: <html xmlns="http://www.w3.org/1999/xhtml" xml:lang="en">
6: <head>
7: 	<title><%= page_title %></title>
8: 	<%= stylesheet_link_tag :layout, :railsnstuff, :nav, :cache => 'railsnstuff' %>
9: 	<%= javascript_link_tag :jquery, :application, :cache => true %>
10: </head>
11: 

    app/views/layouts/railsnstuff.html.erb:8

Rendered rescues/_trace (35.0ms)
Rendered rescues/_request_and_response (0.3ms)
Rendering rescues/layout (internal_server_error)


Processing PostsController#index (for 127.0.0.1 at 2009-05-11 16:28:46) [GET]
  Parameters: {"action"=>"index", "controller"=>"posts"}
Rendering template within layouts/railsnstuff
Rendering posts/index

ActionView::TemplateError (undefined method `javascript_link_tag' for #<ActionView::Base:0x352b590>) on line #9 of app/views/layouts/railsnstuff.html.erb:
6: <head>
7: 	<title><%= page_title %></title>
8: 	<%= stylesheet_link_tag 'layout', 'railsnstuff', 'nav', :cache => 'railsnstuff' %>
9: 	<%= javascript_link_tag 'jquery', 'application', :cache => true %>
10: </head>
11: 
12: <body id="railsnstuff">

    app/views/layouts/railsnstuff.html.erb:9

Rendered rescues/_trace (32.9ms)
Rendered rescues/_request_and_response (0.3ms)
Rendering rescues/layout (internal_server_error)


Processing PostsController#index (for 127.0.0.1 at 2009-05-11 16:28:54) [GET]
  Parameters: {"action"=>"index", "controller"=>"posts"}
Rendering template within layouts/railsnstuff
Rendering posts/index

ActionView::TemplateError (wrong number of arguments (3 for 2)) on line #9 of app/views/layouts/railsnstuff.html.erb:
6: <head>
7: 	<title><%= page_title %></title>
8: 	<%= stylesheet_link_tag 'layout', 'railsnstuff', 'nav', :cache => 'railsnstuff' %>
9: 	<%= javascript_tag 'jquery', 'application', :cache => true %>
10: </head>
11: 
12: <body id="railsnstuff">

    app/views/layouts/railsnstuff.html.erb:9:in `javascript_tag'
    app/views/layouts/railsnstuff.html.erb:9

Rendered rescues/_trace (32.7ms)
Rendered rescues/_request_and_response (0.3ms)
Rendering rescues/layout (internal_server_error)


Processing PostsController#index (for 127.0.0.1 at 2009-05-11 16:29:02) [GET]
  Parameters: {"action"=>"index", "controller"=>"posts"}
Rendering template within layouts/railsnstuff
Rendering posts/index

ActionView::TemplateError (undefined method `merge' for "application":String) on line #9 of app/views/layouts/railsnstuff.html.erb:
6: <head>
7: 	<title><%= page_title %></title>
8: 	<%= stylesheet_link_tag 'layout', 'railsnstuff', 'nav', :cache => 'railsnstuff' %>
9: 	<%= javascript_tag 'jquery', 'application' %>
10: </head>
11: 
12: <body id="railsnstuff">

    app/views/layouts/railsnstuff.html.erb:9

Rendered rescues/_trace (33.2ms)
Rendered rescues/_request_and_response (0.3ms)
Rendering rescues/layout (internal_server_error)


Processing PostsController#index (for 127.0.0.1 at 2009-05-11 16:29:31) [GET]
  Parameters: {"action"=>"index", "controller"=>"posts"}
Rendering template within layouts/railsnstuff
Rendering posts/index
Completed in 117ms (View: 114, DB: 1) | 200 OK [http://127.0.0.1/]


Processing ApplicationController#index (for 127.0.0.1 at 2009-05-11 16:29:31) [GET]

ActionController::RoutingError (No route matches "/images/bg-white-bordered.gif" with {:method=>:get}):
  

Rendering rescues/layout (not_found)


Processing PostsController#index (for 127.0.0.1 at 2009-05-11 16:38:00) [GET]
  Parameters: {"action"=>"index", "controller"=>"posts"}
Rendering template within layouts/railsnstuff
Rendering posts/index
Completed in 9ms (View: 6, DB: 1) | 200 OK [http://127.0.0.1/]


Processing ApplicationController#index (for 127.0.0.1 at 2009-05-11 16:38:00) [GET]

ActionController::RoutingError (No route matches "/images/bg-white-bordered.gif" with {:method=>:get}):
  

Rendering rescues/layout (not_found)


Processing PostsController#index (for 127.0.0.1 at 2009-05-11 16:38:23) [GET]
  Parameters: {"action"=>"index", "controller"=>"posts"}
Rendering template within layouts/railsnstuff
Rendering posts/index
Completed in 9ms (View: 6, DB: 1) | 200 OK [http://127.0.0.1/]


Processing ApplicationController#index (for 127.0.0.1 at 2009-05-11 16:38:23) [GET]

ActionController::RoutingError (No route matches "/images/bg-white-bordered.gif" with {:method=>:get}):
  

Rendering rescues/layout (not_found)


Processing PostsController#index (for 127.0.0.1 at 2009-05-11 16:39:19) [GET]
  Parameters: {"action"=>"index", "controller"=>"posts"}
Rendering template within layouts/railsnstuff
Rendering posts/index
Completed in 9ms (View: 6, DB: 1) | 200 OK [http://127.0.0.1/]


Processing ApplicationController#index (for 127.0.0.1 at 2009-05-11 16:39:19) [GET]

ActionController::RoutingError (No route matches "/images/bg-white-bordered.gif" with {:method=>:get}):
  

Rendering rescues/layout (not_found)


Processing PostsController#index (for 127.0.0.1 at 2009-05-11 16:39:36) [GET]
  Parameters: {"action"=>"index", "controller"=>"posts"}
Rendering template within layouts/railsnstuff
Rendering posts/index
Completed in 9ms (View: 6, DB: 1) | 200 OK [http://127.0.0.1/]


Processing ApplicationController#index (for 127.0.0.1 at 2009-05-11 16:39:36) [GET]

ActionController::RoutingError (No route matches "/images/bg-white-bordered.gif" with {:method=>:get}):
  

Rendering rescues/layout (not_found)


Processing PostsController#index (for 127.0.0.1 at 2009-05-11 16:39:36) [GET]
  Parameters: {"action"=>"index", "controller"=>"posts"}
Rendering template within layouts/railsnstuff
Rendering posts/index
Completed in 5ms (View: 2, DB: 1) | 200 OK [http://127.0.0.1/]


Processing ApplicationController#index (for 127.0.0.1 at 2009-05-11 16:39:36) [GET]

ActionController::RoutingError (No route matches "/images/bg-white-bordered.gif" with {:method=>:get}):
  

Rendering rescues/layout (not_found)


Processing PostsController#index (for 127.0.0.1 at 2009-05-11 16:39:43) [GET]
  Parameters: {"action"=>"index", "controller"=>"posts"}
Rendering template within layouts/railsnstuff
Rendering posts/index
Completed in 5ms (View: 2, DB: 1) | 200 OK [http://127.0.0.1/]


Processing ApplicationController#index (for 127.0.0.1 at 2009-05-11 16:39:43) [GET]

ActionController::RoutingError (No route matches "/images/bg-white-bordered.gif" with {:method=>:get}):
  

Rendering rescues/layout (not_found)


Processing PostsController#index (for 127.0.0.1 at 2009-05-11 16:39:59) [GET]
  Parameters: {"action"=>"index", "controller"=>"posts"}
Rendering template within layouts/railsnstuff
Rendering posts/index
Completed in 5ms (View: 2, DB: 1) | 200 OK [http://127.0.0.1/]


Processing ApplicationController#index (for 127.0.0.1 at 2009-05-11 16:40:00) [GET]

ActionController::RoutingError (No route matches "/images/bg-white-bordered.gif" with {:method=>:get}):
  

Rendering rescues/layout (not_found)


Processing PostsController#index (for 127.0.0.1 at 2009-05-11 16:40:26) [GET]
  Parameters: {"action"=>"index", "controller"=>"posts"}
Rendering template within layouts/railsnstuff
Rendering posts/index
Completed in 5ms (View: 2, DB: 1) | 200 OK [http://127.0.0.1/]


Processing ApplicationController#index (for 127.0.0.1 at 2009-05-11 16:40:26) [GET]

ActionController::RoutingError (No route matches "/images/bg-white-bordered.gif" with {:method=>:get}):
  

Rendering rescues/layout (not_found)


Processing PostsController#index (for 127.0.0.1 at 2009-05-11 16:41:48) [GET]
  Parameters: {"action"=>"index", "controller"=>"posts"}
Rendering template within layouts/railsnstuff
Rendering posts/index
Completed in 5ms (View: 2, DB: 1) | 200 OK [http://127.0.0.1/]


Processing ApplicationController#index (for 127.0.0.1 at 2009-05-11 16:41:48) [GET]

ActionController::RoutingError (No route matches "/images/bg-white-bordered.gif" with {:method=>:get}):
  

Rendering rescues/layout (not_found)


Processing PostsController#index (for 127.0.0.1 at 2009-05-11 16:42:01) [GET]
  Parameters: {"action"=>"index", "controller"=>"posts"}
Rendering template within layouts/railsnstuff
Rendering posts/index
Completed in 5ms (View: 2, DB: 1) | 200 OK [http://127.0.0.1/]


Processing ApplicationController#index (for 127.0.0.1 at 2009-05-11 16:42:02) [GET]

ActionController::RoutingError (No route matches "/images/bg-white-bordered.gif" with {:method=>:get}):
  

Rendering rescues/layout (not_found)


Processing PostsController#index (for 127.0.0.1 at 2009-05-11 16:49:44) [GET]
  Parameters: {"action"=>"index", "controller"=>"posts"}
Rendering template within layouts/railsnstuff
Rendering posts/index
Completed in 9ms (View: 6, DB: 1) | 200 OK [http://127.0.0.1/]


Processing ApplicationController#index (for 127.0.0.1 at 2009-05-11 16:49:44) [GET]

ActionController::RoutingError (No route matches "/images/bg-white-bordered.gif" with {:method=>:get}):
  

Rendering rescues/layout (not_found)


Processing PostsController#index (for 127.0.0.1 at 2009-05-11 16:50:28) [GET]
  Parameters: {"action"=>"index", "controller"=>"posts"}
Rendering template within layouts/railsnstuff
Rendering posts/index
Completed in 5ms (View: 2, DB: 1) | 200 OK [http://127.0.0.1/]


Processing ApplicationController#index (for 127.0.0.1 at 2009-05-11 16:50:28) [GET]

ActionController::RoutingError (No route matches "/images/bg-white-bordered.gif" with {:method=>:get}):
  

Rendering rescues/layout (not_found)


Processing PostsController#index (for 127.0.0.1 at 2009-05-11 16:50:42) [GET]
  Parameters: {"action"=>"index", "controller"=>"posts"}
Rendering template within layouts/railsnstuff
Rendering posts/index
Completed in 5ms (View: 2, DB: 1) | 200 OK [http://127.0.0.1/]


Processing ApplicationController#index (for 127.0.0.1 at 2009-05-11 16:50:42) [GET]

ActionController::RoutingError (No route matches "/images/bg-white-bordered.gif" with {:method=>:get}):
  

Rendering rescues/layout (not_found)


Processing PostsController#index (for 127.0.0.1 at 2009-05-11 16:50:47) [GET]
  Parameters: {"action"=>"index", "controller"=>"posts"}
Rendering template within layouts/railsnstuff
Rendering posts/index
Completed in 5ms (View: 2, DB: 1) | 200 OK [http://127.0.0.1/]


Processing ApplicationController#index (for 127.0.0.1 at 2009-05-11 16:50:47) [GET]

ActionController::RoutingError (No route matches "/images/bg-white-bordered.gif" with {:method=>:get}):
  

Rendering rescues/layout (not_found)


Processing PostsController#index (for 127.0.0.1 at 2009-05-11 16:50:53) [GET]
  Parameters: {"action"=>"index", "controller"=>"posts"}
Rendering template within layouts/railsnstuff
Rendering posts/index
Completed in 6ms (View: 2, DB: 1) | 200 OK [http://127.0.0.1/]


Processing ApplicationController#index (for 127.0.0.1 at 2009-05-11 16:50:53) [GET]

ActionController::RoutingError (No route matches "/images/bg-white-bordered.gif" with {:method=>:get}):
  

Rendering rescues/layout (not_found)


Processing PostsController#index (for 127.0.0.1 at 2009-05-11 16:51:06) [GET]
  Parameters: {"action"=>"index", "controller"=>"posts"}
Rendering template within layouts/railsnstuff
Rendering posts/index
Completed in 5ms (View: 2, DB: 1) | 200 OK [http://127.0.0.1/]


Processing ApplicationController#index (for 127.0.0.1 at 2009-05-11 16:51:06) [GET]

ActionController::RoutingError (No route matches "/images/bg-white-bordered.gif" with {:method=>:get}):
  

Rendering rescues/layout (not_found)


Processing PostsController#index (for 127.0.0.1 at 2009-05-11 16:51:34) [GET]
  Parameters: {"action"=>"index", "controller"=>"posts"}
Rendering template within layouts/railsnstuff
Rendering posts/index
Completed in 5ms (View: 2, DB: 1) | 200 OK [http://127.0.0.1/]


Processing ApplicationController#index (for 127.0.0.1 at 2009-05-11 16:51:34) [GET]

ActionController::RoutingError (No route matches "/images/bg-white-bordered.gif" with {:method=>:get}):
  

Rendering rescues/layout (not_found)


Processing PostsController#index (for 127.0.0.1 at 2009-05-11 16:51:51) [GET]
  Parameters: {"action"=>"index", "controller"=>"posts"}
Rendering template within layouts/railsnstuff
Rendering posts/index
Completed in 5ms (View: 2, DB: 1) | 200 OK [http://127.0.0.1/]


Processing ApplicationController#index (for 127.0.0.1 at 2009-05-11 16:51:51) [GET]

ActionController::RoutingError (No route matches "/images/bg-white-bordered.gif" with {:method=>:get}):
  

Rendering rescues/layout (not_found)


Processing PostsController#index (for 127.0.0.1 at 2009-05-11 16:52:00) [GET]
  Parameters: {"action"=>"index", "controller"=>"posts"}
Rendering template within layouts/railsnstuff
Rendering posts/index
Completed in 5ms (View: 2, DB: 1) | 200 OK [http://127.0.0.1/]


Processing ApplicationController#index (for 127.0.0.1 at 2009-05-11 16:52:00) [GET]

ActionController::RoutingError (No route matches "/images/bg-white-bordered.gif" with {:method=>:get}):
  

Rendering rescues/layout (not_found)


Processing PostsController#index (for 127.0.0.1 at 2009-05-11 16:52:20) [GET]
  Parameters: {"action"=>"index", "controller"=>"posts"}
Rendering template within layouts/railsnstuff
Rendering posts/index
Completed in 5ms (View: 2, DB: 1) | 200 OK [http://127.0.0.1/]


Processing ApplicationController#index (for 127.0.0.1 at 2009-05-11 16:52:20) [GET]

ActionController::RoutingError (No route matches "/images/bg-white-bordered.gif" with {:method=>:get}):
  

Rendering rescues/layout (not_found)


Processing PostsController#index (for 127.0.0.1 at 2009-05-11 16:52:40) [GET]
  Parameters: {"action"=>"index", "controller"=>"posts"}
Rendering template within layouts/railsnstuff
Rendering posts/index
Completed in 5ms (View: 2, DB: 1) | 200 OK [http://127.0.0.1/]


Processing ApplicationController#index (for 127.0.0.1 at 2009-05-11 16:52:40) [GET]

ActionController::RoutingError (No route matches "/images/bg-white-bordered.gif" with {:method=>:get}):
  

Rendering rescues/layout (not_found)


Processing PostsController#index (for 127.0.0.1 at 2009-05-11 16:52:58) [GET]
  Parameters: {"action"=>"index", "controller"=>"posts"}
Rendering template within layouts/railsnstuff
Rendering posts/index
Completed in 5ms (View: 2, DB: 1) | 200 OK [http://127.0.0.1/]


Processing ApplicationController#index (for 127.0.0.1 at 2009-05-11 16:52:59) [GET]

ActionController::RoutingError (No route matches "/images/bg-white-bordered.gif" with {:method=>:get}):
  

Rendering rescues/layout (not_found)


Processing PostsController#index (for 127.0.0.1 at 2009-05-11 16:53:03) [GET]
  Parameters: {"action"=>"index", "controller"=>"posts"}
Rendering template within layouts/railsnstuff
Rendering posts/index
Completed in 5ms (View: 2, DB: 1) | 200 OK [http://127.0.0.1/]


Processing ApplicationController#index (for 127.0.0.1 at 2009-05-11 16:53:03) [GET]

ActionController::RoutingError (No route matches "/images/bg-white-bordered.gif" with {:method=>:get}):
  

Rendering rescues/layout (not_found)


Processing PostsController#index (for 127.0.0.1 at 2009-05-11 16:53:22) [GET]
  Parameters: {"action"=>"index", "controller"=>"posts"}
Rendering template within layouts/railsnstuff
Rendering posts/index
Completed in 5ms (View: 2, DB: 1) | 200 OK [http://127.0.0.1/]


Processing ApplicationController#index (for 127.0.0.1 at 2009-05-11 16:53:22) [GET]

ActionController::RoutingError (No route matches "/images/bg-white-bordered.gif" with {:method=>:get}):
  

Rendering rescues/layout (not_found)


Processing PostsController#index (for 127.0.0.1 at 2009-05-11 16:53:37) [GET]
  Parameters: {"action"=>"index", "controller"=>"posts"}
Rendering template within layouts/railsnstuff
Rendering posts/index
Completed in 5ms (View: 2, DB: 1) | 200 OK [http://127.0.0.1/]


Processing ApplicationController#index (for 127.0.0.1 at 2009-05-11 16:53:37) [GET]

ActionController::RoutingError (No route matches "/images/bg-white-bordered.gif" with {:method=>:get}):
  

Rendering rescues/layout (not_found)


Processing PostsController#index (for 127.0.0.1 at 2009-05-11 16:54:38) [GET]
  Parameters: {"action"=>"index", "controller"=>"posts"}
Rendering template within layouts/railsnstuff
Rendering posts/index
Completed in 5ms (View: 2, DB: 1) | 200 OK [http://127.0.0.1/]


Processing ApplicationController#index (for 127.0.0.1 at 2009-05-11 16:54:39) [GET]

ActionController::RoutingError (No route matches "/images/bg-white-bordered.gif" with {:method=>:get}):
  

Rendering rescues/layout (not_found)


Processing PostsController#index (for 127.0.0.1 at 2009-05-11 16:58:06) [GET]
  Parameters: {"action"=>"index", "controller"=>"posts"}
Rendering template within layouts/railsnstuff
Rendering posts/index
Completed in 77ms (View: 7, DB: 1) | 200 OK [http://127.0.0.1/]


Processing ApplicationController#index (for 127.0.0.1 at 2009-05-11 16:58:07) [GET]

ActionController::RoutingError (No route matches "/images/bg-white-bordered.gif" with {:method=>:get}):
  

Rendering rescues/layout (not_found)


Processing PostsController#index (for 127.0.0.1 at 2009-05-11 16:59:17) [GET]
  Parameters: {"action"=>"index", "controller"=>"posts"}
Rendering template within layouts/railsnstuff
Rendering posts/index
Completed in 9ms (View: 7, DB: 1) | 200 OK [http://127.0.0.1/]


Processing ApplicationController#index (for 127.0.0.1 at 2009-05-11 16:59:17) [GET]

ActionController::RoutingError (No route matches "/images/bg-white-bordered.gif" with {:method=>:get}):
  

Rendering rescues/layout (not_found)


Processing PostsController#index (for 127.0.0.1 at 2009-05-11 16:59:34) [GET]
  Parameters: {"action"=>"index", "controller"=>"posts"}
Rendering template within layouts/railsnstuff
Rendering posts/index
Completed in 5ms (View: 2, DB: 1) | 200 OK [http://127.0.0.1/]


Processing ApplicationController#index (for 127.0.0.1 at 2009-05-11 16:59:34) [GET]

ActionController::RoutingError (No route matches "/images/bg-white-bordered.gif" with {:method=>:get}):
  

Rendering rescues/layout (not_found)


Processing PostsController#index (for 127.0.0.1 at 2009-05-11 16:59:45) [GET]
  Parameters: {"action"=>"index", "controller"=>"posts"}
Rendering template within layouts/railsnstuff
Rendering posts/index
Completed in 5ms (View: 3, DB: 1) | 200 OK [http://127.0.0.1/]


Processing ApplicationController#index (for 127.0.0.1 at 2009-05-11 16:59:45) [GET]

ActionController::RoutingError (No route matches "/images/bg-white-bordered.gif" with {:method=>:get}):
  

Rendering rescues/layout (not_found)


Processing PostsController#index (for 127.0.0.1 at 2009-05-11 17:02:26) [GET]
  Parameters: {"action"=>"index", "controller"=>"posts"}
Rendering template within layouts/railsnstuff
Rendering posts/index
Completed in 5ms (View: 2, DB: 1) | 200 OK [http://127.0.0.1/]


Processing ApplicationController#index (for 127.0.0.1 at 2009-05-11 17:02:26) [GET]

ActionController::RoutingError (No route matches "/images/bg-white-bordered.gif" with {:method=>:get}):
  

Rendering rescues/layout (not_found)


Processing PostsController#index (for 127.0.0.1 at 2009-05-11 17:04:26) [GET]
  Parameters: {"action"=>"index", "controller"=>"posts"}
Rendering template within layouts/railsnstuff
Rendering posts/index
Completed in 78ms (View: 75, DB: 1) | 200 OK [http://127.0.0.1/]


Processing ApplicationController#index (for 127.0.0.1 at 2009-05-11 17:04:27) [GET]

ActionController::RoutingError (No route matches "/images/bg-white-bordered.gif" with {:method=>:get}):
  

Rendering rescues/layout (not_found)


Processing PostsController#index (for 127.0.0.1 at 2009-05-11 17:04:51) [GET]
  Parameters: {"action"=>"index", "controller"=>"posts"}
Rendering template within layouts/railsnstuff
Rendering posts/index
Completed in 5ms (View: 2, DB: 1) | 200 OK [http://127.0.0.1/]


Processing ApplicationController#index (for 127.0.0.1 at 2009-05-11 17:04:51) [GET]

ActionController::RoutingError (No route matches "/images/bg-white-bordered.gif" with {:method=>:get}):
  

Rendering rescues/layout (not_found)


Processing PostsController#index (for 127.0.0.1 at 2009-05-11 17:05:09) [GET]
  Parameters: {"action"=>"index", "controller"=>"posts"}
Rendering template within layouts/railsnstuff
Rendering posts/index
Completed in 5ms (View: 2, DB: 1) | 200 OK [http://127.0.0.1/]


Processing ApplicationController#index (for 127.0.0.1 at 2009-05-11 17:05:09) [GET]

ActionController::RoutingError (No route matches "/images/bg-white-bordered.gif" with {:method=>:get}):
  

Rendering rescues/layout (not_found)


Processing PostsController#index (for 127.0.0.1 at 2009-05-11 17:05:25) [GET]
  Parameters: {"action"=>"index", "controller"=>"posts"}
Rendering template within layouts/railsnstuff
Rendering posts/index
Completed in 5ms (View: 3, DB: 1) | 200 OK [http://127.0.0.1/]


Processing ApplicationController#index (for 127.0.0.1 at 2009-05-11 17:05:25) [GET]

ActionController::RoutingError (No route matches "/images/bg-white-bordered.gif" with {:method=>:get}):
  

Rendering rescues/layout (not_found)


Processing PostsController#index (for 127.0.0.1 at 2009-05-11 17:05:27) [GET]
  Parameters: {"action"=>"index", "controller"=>"posts"}
Rendering template within layouts/railsnstuff
Rendering posts/index
Completed in 6ms (View: 3, DB: 1) | 200 OK [http://127.0.0.1/]


Processing ApplicationController#index (for 127.0.0.1 at 2009-05-11 17:05:27) [GET]

ActionController::RoutingError (No route matches "/images/bg-white-bordered.gif" with {:method=>:get}):
  

Rendering rescues/layout (not_found)


Processing PostsController#index (for 127.0.0.1 at 2009-05-11 17:05:44) [GET]
  Parameters: {"action"=>"index", "controller"=>"posts"}
Rendering template within layouts/railsnstuff
Rendering posts/index
Completed in 5ms (View: 2, DB: 1) | 200 OK [http://127.0.0.1/]


Processing ApplicationController#index (for 127.0.0.1 at 2009-05-11 17:05:44) [GET]

ActionController::RoutingError (No route matches "/images/bg-white-bordered.gif" with {:method=>:get}):
  

Rendering rescues/layout (not_found)


Processing PostsController#index (for 127.0.0.1 at 2009-05-11 17:07:33) [GET]
  Parameters: {"action"=>"index", "controller"=>"posts"}
Rendering template within layouts/railsnstuff
Rendering posts/index
Completed in 10ms (View: 7, DB: 1) | 200 OK [http://127.0.0.1/]


Processing ApplicationController#index (for 127.0.0.1 at 2009-05-11 17:07:33) [GET]

ActionController::RoutingError (No route matches "/images/bg-white-bordered.gif" with {:method=>:get}):
  

Rendering rescues/layout (not_found)


Processing PostsController#index (for 127.0.0.1 at 2009-05-11 17:09:44) [GET]
  Parameters: {"action"=>"index", "controller"=>"posts"}
Rendering template within layouts/railsnstuff
Rendering posts/index
Completed in 5ms (View: 3, DB: 1) | 200 OK [http://127.0.0.1/]


Processing ApplicationController#index (for 127.0.0.1 at 2009-05-11 17:09:44) [GET]

ActionController::RoutingError (No route matches "/images/bg-white-bordered.gif" with {:method=>:get}):
  

Rendering rescues/layout (not_found)


Processing PostsController#index (for 127.0.0.1 at 2009-05-11 17:09:56) [GET]
  Parameters: {"action"=>"index", "controller"=>"posts"}
Rendering template within layouts/railsnstuff
Rendering posts/index
Completed in 6ms (View: 3, DB: 1) | 200 OK [http://127.0.0.1/]


Processing ApplicationController#index (for 127.0.0.1 at 2009-05-11 17:09:56) [GET]

ActionController::RoutingError (No route matches "/images/bg-white-bordered.gif" with {:method=>:get}):
  

Rendering rescues/layout (not_found)


Processing PostsController#index (for 127.0.0.1 at 2009-05-11 17:10:35) [GET]
  Parameters: {"action"=>"index", "controller"=>"posts"}
Rendering template within layouts/railsnstuff
Rendering posts/index
Completed in 5ms (View: 3, DB: 1) | 200 OK [http://127.0.0.1/]


Processing ApplicationController#index (for 127.0.0.1 at 2009-05-11 17:10:35) [GET]

ActionController::RoutingError (No route matches "/images/bg-white-bordered.gif" with {:method=>:get}):
  

Rendering rescues/layout (not_found)


Processing PostsController#index (for 127.0.0.1 at 2009-05-11 17:10:46) [GET]
  Parameters: {"action"=>"index", "controller"=>"posts"}
Rendering template within layouts/railsnstuff
Rendering posts/index
Completed in 5ms (View: 2, DB: 1) | 200 OK [http://127.0.0.1/]


Processing ApplicationController#index (for 127.0.0.1 at 2009-05-11 17:10:47) [GET]

ActionController::RoutingError (No route matches "/images/bg-white-bordered.gif" with {:method=>:get}):
  

Rendering rescues/layout (not_found)


Processing PostsController#index (for 127.0.0.1 at 2009-05-11 17:11:04) [GET]
  Parameters: {"action"=>"index", "controller"=>"posts"}
Rendering template within layouts/railsnstuff
Rendering posts/index
Completed in 5ms (View: 2, DB: 1) | 200 OK [http://127.0.0.1/]


Processing ApplicationController#index (for 127.0.0.1 at 2009-05-11 17:11:04) [GET]

ActionController::RoutingError (No route matches "/images/bg-white-bordered.gif" with {:method=>:get}):
  

Rendering rescues/layout (not_found)


Processing PostsController#index (for 127.0.0.1 at 2009-05-11 17:11:25) [GET]
  Parameters: {"action"=>"index", "controller"=>"posts"}
Rendering template within layouts/railsnstuff
Rendering posts/index
Completed in 6ms (View: 3, DB: 1) | 200 OK [http://127.0.0.1/]


Processing ApplicationController#index (for 127.0.0.1 at 2009-05-11 17:11:25) [GET]

ActionController::RoutingError (No route matches "/images/bg-white-bordered.gif" with {:method=>:get}):
  

Rendering rescues/layout (not_found)


Processing PostsController#index (for 127.0.0.1 at 2009-05-11 17:11:53) [GET]
  Parameters: {"action"=>"index", "controller"=>"posts"}
Rendering template within layouts/railsnstuff
Rendering posts/index
Completed in 6ms (View: 3, DB: 1) | 200 OK [http://127.0.0.1/]


Processing ApplicationController#index (for 127.0.0.1 at 2009-05-11 17:11:53) [GET]

ActionController::RoutingError (No route matches "/images/bg-white-bordered.gif" with {:method=>:get}):
  

Rendering rescues/layout (not_found)


Processing PostsController#index (for 127.0.0.1 at 2009-05-11 17:12:39) [GET]
  Parameters: {"action"=>"index", "controller"=>"posts"}
Rendering template within layouts/railsnstuff
Rendering posts/index
Completed in 5ms (View: 2, DB: 1) | 200 OK [http://127.0.0.1/]


Processing ApplicationController#index (for 127.0.0.1 at 2009-05-11 17:12:39) [GET]

ActionController::RoutingError (No route matches "/images/bg-white-bordered.gif" with {:method=>:get}):
  

Rendering rescues/layout (not_found)


Processing PostsController#index (for 127.0.0.1 at 2009-05-11 17:12:45) [GET]
  Parameters: {"action"=>"index", "controller"=>"posts"}
Rendering template within layouts/railsnstuff
Rendering posts/index
Completed in 5ms (View: 2, DB: 1) | 200 OK [http://127.0.0.1/]


Processing ApplicationController#index (for 127.0.0.1 at 2009-05-11 17:12:46) [GET]

ActionController::RoutingError (No route matches "/images/bg-white-bordered.gif" with {:method=>:get}):
  

Rendering rescues/layout (not_found)


Processing PostsController#index (for 127.0.0.1 at 2009-05-11 17:12:53) [GET]
  Parameters: {"action"=>"index", "controller"=>"posts"}
Rendering template within layouts/railsnstuff
Rendering posts/index
Completed in 5ms (View: 2, DB: 1) | 200 OK [http://127.0.0.1/]


Processing ApplicationController#index (for 127.0.0.1 at 2009-05-11 17:12:53) [GET]

ActionController::RoutingError (No route matches "/images/bg-white-bordered.gif" with {:method=>:get}):
  

Rendering rescues/layout (not_found)


Processing PostsController#index (for 127.0.0.1 at 2009-05-11 17:12:57) [GET]
  Parameters: {"action"=>"index", "controller"=>"posts"}
Rendering template within layouts/railsnstuff
Rendering posts/index
Completed in 6ms (View: 3, DB: 1) | 200 OK [http://127.0.0.1/]


Processing ApplicationController#index (for 127.0.0.1 at 2009-05-11 17:12:57) [GET]

ActionController::RoutingError (No route matches "/images/bg-white-bordered.gif" with {:method=>:get}):
  

Rendering rescues/layout (not_found)


Processing PostsController#index (for 127.0.0.1 at 2009-05-11 17:13:11) [GET]
  Parameters: {"action"=>"index", "controller"=>"posts"}
Rendering template within layouts/railsnstuff
Rendering posts/index
Completed in 5ms (View: 2, DB: 1) | 200 OK [http://127.0.0.1/]


Processing ApplicationController#index (for 127.0.0.1 at 2009-05-11 17:13:11) [GET]

ActionController::RoutingError (No route matches "/images/bg-white-bordered.gif" with {:method=>:get}):
  

Rendering rescues/layout (not_found)


Processing PostsController#index (for 127.0.0.1 at 2009-05-11 17:13:19) [GET]
  Parameters: {"action"=>"index", "controller"=>"posts"}
Rendering template within layouts/railsnstuff
Rendering posts/index
Completed in 5ms (View: 2, DB: 1) | 200 OK [http://127.0.0.1/]


Processing ApplicationController#index (for 127.0.0.1 at 2009-05-11 17:13:19) [GET]

ActionController::RoutingError (No route matches "/images/bg-white-bordered.gif" with {:method=>:get}):
  

Rendering rescues/layout (not_found)


Processing PostsController#index (for 127.0.0.1 at 2009-05-11 17:13:29) [GET]
  Parameters: {"action"=>"index", "controller"=>"posts"}
Rendering template within layouts/railsnstuff
Rendering posts/index
Completed in 5ms (View: 2, DB: 1) | 200 OK [http://127.0.0.1/]


Processing ApplicationController#index (for 127.0.0.1 at 2009-05-11 17:13:29) [GET]

ActionController::RoutingError (No route matches "/images/bg-white-bordered.gif" with {:method=>:get}):
  

Rendering rescues/layout (not_found)


Processing PostsController#index (for 127.0.0.1 at 2009-05-11 17:14:03) [GET]
  Parameters: {"action"=>"index", "controller"=>"posts"}
Rendering template within layouts/railsnstuff
Rendering posts/index
Completed in 6ms (View: 3, DB: 1) | 200 OK [http://127.0.0.1/]


Processing ApplicationController#index (for 127.0.0.1 at 2009-05-11 17:14:04) [GET]

ActionController::RoutingError (No route matches "/images/bg-white-bordered.gif" with {:method=>:get}):
  

Rendering rescues/layout (not_found)


Processing PostsController#index (for 127.0.0.1 at 2009-05-11 17:14:15) [GET]
  Parameters: {"action"=>"index", "controller"=>"posts"}
Rendering template within layouts/railsnstuff
Rendering posts/index
Completed in 5ms (View: 2, DB: 1) | 200 OK [http://127.0.0.1/]


Processing ApplicationController#index (for 127.0.0.1 at 2009-05-11 17:14:15) [GET]

ActionController::RoutingError (No route matches "/images/bg-white-bordered.gif" with {:method=>:get}):
  

Rendering rescues/layout (not_found)


Processing PostsController#index (for 127.0.0.1 at 2009-05-11 17:14:22) [GET]
  Parameters: {"action"=>"index", "controller"=>"posts"}
Rendering template within layouts/railsnstuff
Rendering posts/index
Completed in 5ms (View: 2, DB: 1) | 200 OK [http://127.0.0.1/]


Processing ApplicationController#index (for 127.0.0.1 at 2009-05-11 17:14:22) [GET]

ActionController::RoutingError (No route matches "/images/bg-white-bordered.gif" with {:method=>:get}):
  

Rendering rescues/layout (not_found)


Processing PostsController#index (for 127.0.0.1 at 2009-05-11 17:14:29) [GET]
  Parameters: {"action"=>"index", "controller"=>"posts"}
Rendering template within layouts/railsnstuff
Rendering posts/index
Completed in 5ms (View: 2, DB: 1) | 200 OK [http://127.0.0.1/]


Processing ApplicationController#index (for 127.0.0.1 at 2009-05-11 17:14:29) [GET]

ActionController::RoutingError (No route matches "/images/bg-white-bordered.gif" with {:method=>:get}):
  

Rendering rescues/layout (not_found)


Processing PostsController#index (for 127.0.0.1 at 2009-05-11 17:14:31) [GET]
  Parameters: {"action"=>"index", "controller"=>"posts"}
Rendering template within layouts/railsnstuff
Rendering posts/index
Completed in 6ms (View: 3, DB: 1) | 200 OK [http://127.0.0.1/]


Processing ApplicationController#index (for 127.0.0.1 at 2009-05-11 17:14:31) [GET]

ActionController::RoutingError (No route matches "/images/bg-white-bordered.gif" with {:method=>:get}):
  

Rendering rescues/layout (not_found)


Processing PostsController#index (for 127.0.0.1 at 2009-05-11 17:14:47) [GET]
  Parameters: {"action"=>"index", "controller"=>"posts"}
Rendering template within layouts/railsnstuff
Rendering posts/index
Completed in 5ms (View: 2, DB: 1) | 200 OK [http://127.0.0.1/]


Processing ApplicationController#index (for 127.0.0.1 at 2009-05-11 17:14:47) [GET]

ActionController::RoutingError (No route matches "/images/bg-white-bordered.gif" with {:method=>:get}):
  

Rendering rescues/layout (not_found)


Processing PostsController#index (for 127.0.0.1 at 2009-05-11 17:14:52) [GET]
  Parameters: {"action"=>"index", "controller"=>"posts"}
Rendering template within layouts/railsnstuff
Rendering posts/index
Completed in 5ms (View: 2, DB: 1) | 200 OK [http://127.0.0.1/]


Processing ApplicationController#index (for 127.0.0.1 at 2009-05-11 17:14:52) [GET]

ActionController::RoutingError (No route matches "/images/bg-white-bordered.gif" with {:method=>:get}):
  

Rendering rescues/layout (not_found)


Processing PostsController#index (for 127.0.0.1 at 2009-05-11 17:14:55) [GET]
  Parameters: {"action"=>"index", "controller"=>"posts"}
Rendering template within layouts/railsnstuff
Rendering posts/index
Completed in 5ms (View: 3, DB: 1) | 200 OK [http://127.0.0.1/]


Processing ApplicationController#index (for 127.0.0.1 at 2009-05-11 17:14:55) [GET]

ActionController::RoutingError (No route matches "/images/bg-white-bordered.gif" with {:method=>:get}):
  

Rendering rescues/layout (not_found)


Processing PostsController#index (for 127.0.0.1 at 2009-05-11 17:14:59) [GET]
  Parameters: {"action"=>"index", "controller"=>"posts"}
Rendering template within layouts/railsnstuff
Rendering posts/index
Completed in 5ms (View: 3, DB: 1) | 200 OK [http://127.0.0.1/]


Processing ApplicationController#index (for 127.0.0.1 at 2009-05-11 17:14:59) [GET]

ActionController::RoutingError (No route matches "/images/bg-white-bordered.gif" with {:method=>:get}):
  

Rendering rescues/layout (not_found)


Processing PostsController#index (for 127.0.0.1 at 2009-05-11 17:15:02) [GET]
  Parameters: {"action"=>"index", "controller"=>"posts"}
Rendering template within layouts/railsnstuff
Rendering posts/index
Completed in 72ms (View: 69, DB: 1) | 200 OK [http://127.0.0.1/]


Processing ApplicationController#index (for 127.0.0.1 at 2009-05-11 17:15:02) [GET]

ActionController::RoutingError (No route matches "/images/bg-white-bordered.gif" with {:method=>:get}):
  

Rendering rescues/layout (not_found)


Processing PostsController#index (for 127.0.0.1 at 2009-05-11 17:15:11) [GET]
  Parameters: {"action"=>"index", "controller"=>"posts"}
Rendering template within layouts/railsnstuff
Rendering posts/index
Completed in 5ms (View: 3, DB: 1) | 200 OK [http://127.0.0.1/]


Processing ApplicationController#index (for 127.0.0.1 at 2009-05-11 17:15:12) [GET]

ActionController::RoutingError (No route matches "/images/bg-white-bordered.gif" with {:method=>:get}):
  

Rendering rescues/layout (not_found)


Processing PostsController#index (for 127.0.0.1 at 2009-05-11 17:15:21) [GET]
  Parameters: {"action"=>"index", "controller"=>"posts"}
Rendering template within layouts/railsnstuff
Rendering posts/index
Completed in 5ms (View: 2, DB: 1) | 200 OK [http://127.0.0.1/]


Processing ApplicationController#index (for 127.0.0.1 at 2009-05-11 17:15:21) [GET]

ActionController::RoutingError (No route matches "/images/bg-white-bordered.gif" with {:method=>:get}):
  

Rendering rescues/layout (not_found)


Processing PostsController#index (for 127.0.0.1 at 2009-05-11 17:15:28) [GET]
  Parameters: {"action"=>"index", "controller"=>"posts"}
Rendering template within layouts/railsnstuff
Rendering posts/index
Completed in 5ms (View: 3, DB: 1) | 200 OK [http://127.0.0.1/]


Processing ApplicationController#index (for 127.0.0.1 at 2009-05-11 17:15:28) [GET]

ActionController::RoutingError (No route matches "/images/bg-white-bordered.gif" with {:method=>:get}):
  

Rendering rescues/layout (not_found)


Processing PostsController#index (for 127.0.0.1 at 2009-05-11 17:15:33) [GET]
  Parameters: {"action"=>"index", "controller"=>"posts"}
Rendering template within layouts/railsnstuff
Rendering posts/index
Completed in 6ms (View: 3, DB: 1) | 200 OK [http://127.0.0.1/]


Processing ApplicationController#index (for 127.0.0.1 at 2009-05-11 17:15:33) [GET]

ActionController::RoutingError (No route matches "/images/bg-white-bordered.gif" with {:method=>:get}):
  

Rendering rescues/layout (not_found)


Processing PostsController#index (for 127.0.0.1 at 2009-05-11 17:15:41) [GET]
  Parameters: {"action"=>"index", "controller"=>"posts"}
Rendering template within layouts/railsnstuff
Rendering posts/index
Completed in 6ms (View: 3, DB: 1) | 200 OK [http://127.0.0.1/]


Processing ApplicationController#index (for 127.0.0.1 at 2009-05-11 17:15:41) [GET]

ActionController::RoutingError (No route matches "/images/bg-white-bordered.gif" with {:method=>:get}):
  

Rendering rescues/layout (not_found)


Processing ApplicationController#index (for 127.0.0.1 at 2009-05-11 17:15:42) [GET]

ActionController::RoutingError (No route matches "/admin/companies" with {:method=>:get}):
  

Rendering rescues/layout (not_found)


Processing PostsController#index (for 127.0.0.1 at 2009-05-11 17:15:45) [GET]
  Parameters: {"action"=>"index", "controller"=>"posts"}
Rendering template within layouts/railsnstuff
Rendering posts/index
Completed in 5ms (View: 2, DB: 1) | 200 OK [http://127.0.0.1/]


Processing ApplicationController#index (for 127.0.0.1 at 2009-05-11 17:15:45) [GET]

ActionController::RoutingError (No route matches "/images/bg-white-bordered.gif" with {:method=>:get}):
  

Rendering rescues/layout (not_found)


Processing PostsController#index (for 127.0.0.1 at 2009-05-11 17:16:08) [GET]
  Parameters: {"action"=>"index", "controller"=>"posts"}
Rendering template within layouts/railsnstuff
Rendering posts/index
Completed in 5ms (View: 2, DB: 1) | 200 OK [http://127.0.0.1/]


Processing ApplicationController#index (for 127.0.0.1 at 2009-05-11 17:16:08) [GET]

ActionController::RoutingError (No route matches "/images/bg-white-bordered.gif" with {:method=>:get}):
  

Rendering rescues/layout (not_found)


Processing PostsController#index (for 127.0.0.1 at 2009-05-11 17:16:26) [GET]
  Parameters: {"action"=>"index", "controller"=>"posts"}
Rendering template within layouts/railsnstuff
Rendering posts/index
Completed in 5ms (View: 3, DB: 1) | 200 OK [http://127.0.0.1/]


Processing ApplicationController#index (for 127.0.0.1 at 2009-05-11 17:16:27) [GET]

ActionController::RoutingError (No route matches "/images/bg-white-bordered.gif" with {:method=>:get}):
  

Rendering rescues/layout (not_found)


Processing PostsController#index (for 127.0.0.1 at 2009-05-11 17:17:01) [GET]
  Parameters: {"action"=>"index", "controller"=>"posts"}
Rendering template within layouts/railsnstuff
Rendering posts/index
Completed in 10ms (View: 7, DB: 1) | 200 OK [http://127.0.0.1/]


Processing ApplicationController#index (for 127.0.0.1 at 2009-05-11 17:17:01) [GET]

ActionController::RoutingError (No route matches "/images/bg-white-bordered.gif" with {:method=>:get}):
  

Rendering rescues/layout (not_found)


Processing PostsController#index (for 127.0.0.1 at 2009-05-11 17:18:34) [GET]
  Parameters: {"action"=>"index", "controller"=>"posts"}
Rendering template within layouts/railsnstuff
Rendering posts/index
Completed in 11ms (View: 8, DB: 1) | 200 OK [http://127.0.0.1/]


Processing ApplicationController#index (for 127.0.0.1 at 2009-05-11 17:18:34) [GET]

ActionController::RoutingError (No route matches "/images/bg-white-bordered.gif" with {:method=>:get}):
  

Rendering rescues/layout (not_found)


Processing PostsController#index (for 127.0.0.1 at 2009-05-11 17:19:07) [GET]
  Parameters: {"action"=>"index", "controller"=>"posts"}
Rendering template within layouts/railsnstuff
Rendering posts/index
Completed in 5ms (View: 3, DB: 1) | 200 OK [http://127.0.0.1/]


Processing ApplicationController#index (for 127.0.0.1 at 2009-05-11 17:19:07) [GET]

ActionController::RoutingError (No route matches "/images/bg-white-bordered.gif" with {:method=>:get}):
  

Rendering rescues/layout (not_found)


Processing PostsController#index (for 127.0.0.1 at 2009-05-11 17:19:25) [GET]
  Parameters: {"action"=>"index", "controller"=>"posts"}
Rendering template within layouts/railsnstuff
Rendering posts/index
Completed in 5ms (View: 3, DB: 1) | 200 OK [http://127.0.0.1/]


Processing ApplicationController#index (for 127.0.0.1 at 2009-05-11 17:19:25) [GET]

ActionController::RoutingError (No route matches "/images/bg-white-bordered.gif" with {:method=>:get}):
  

Rendering rescues/layout (not_found)


Processing PostsController#index (for 127.0.0.1 at 2009-05-11 17:19:31) [GET]
  Parameters: {"action"=>"index", "controller"=>"posts"}
Rendering template within layouts/railsnstuff
Rendering posts/index
Completed in 5ms (View: 3, DB: 1) | 200 OK [http://127.0.0.1/]


Processing ApplicationController#index (for 127.0.0.1 at 2009-05-11 17:19:31) [GET]

ActionController::RoutingError (No route matches "/images/bg-white-bordered.gif" with {:method=>:get}):
  

Rendering rescues/layout (not_found)


Processing PostsController#index (for 127.0.0.1 at 2009-05-11 17:20:10) [GET]
  Parameters: {"action"=>"index", "controller"=>"posts"}
Rendering template within layouts/railsnstuff
Rendering posts/index
Completed in 10ms (View: 7, DB: 1) | 200 OK [http://127.0.0.1/]


Processing ApplicationController#index (for 127.0.0.1 at 2009-05-11 17:20:10) [GET]

ActionController::RoutingError (No route matches "/images/bg-white-bordered.gif" with {:method=>:get}):
  

Rendering rescues/layout (not_found)


Processing PostsController#index (for 127.0.0.1 at 2009-05-11 17:20:20) [GET]
  Parameters: {"action"=>"index", "controller"=>"posts"}
Rendering template within layouts/railsnstuff
Rendering posts/index
Completed in 11ms (View: 8, DB: 1) | 200 OK [http://127.0.0.1/]


Processing ApplicationController#index (for 127.0.0.1 at 2009-05-11 17:20:20) [GET]

ActionController::RoutingError (No route matches "/images/bg-white-bordered.gif" with {:method=>:get}):
  

Rendering rescues/layout (not_found)


Processing PostsController#index (for 127.0.0.1 at 2009-05-11 17:20:31) [GET]
  Parameters: {"action"=>"index", "controller"=>"posts"}
Rendering template within layouts/railsnstuff
Rendering posts/index
Completed in 10ms (View: 7, DB: 1) | 200 OK [http://127.0.0.1/]


Processing ApplicationController#index (for 127.0.0.1 at 2009-05-11 17:20:31) [GET]

ActionController::RoutingError (No route matches "/images/bg-white-bordered.gif" with {:method=>:get}):
  

Rendering rescues/layout (not_found)


Processing PostsController#index (for 127.0.0.1 at 2009-05-11 17:21:55) [GET]
  Parameters: {"action"=>"index", "controller"=>"posts"}
Rendering template within layouts/railsnstuff
Rendering posts/index
Completed in 6ms (View: 3, DB: 1) | 200 OK [http://127.0.0.1/]


Processing ApplicationController#index (for 127.0.0.1 at 2009-05-11 17:21:55) [GET]

ActionController::RoutingError (No route matches "/images/bg-white-bordered.gif" with {:method=>:get}):
  

Rendering rescues/layout (not_found)


Processing PostsController#index (for 127.0.0.1 at 2009-05-11 17:22:15) [GET]
  Parameters: {"action"=>"index", "controller"=>"posts"}
Rendering template within layouts/railsnstuff
Rendering posts/index
Completed in 10ms (View: 7, DB: 1) | 200 OK [http://127.0.0.1/]


Processing ApplicationController#index (for 127.0.0.1 at 2009-05-11 17:22:15) [GET]

ActionController::RoutingError (No route matches "/images/bg-white-bordered.gif" with {:method=>:get}):
  

Rendering rescues/layout (not_found)


Processing PostsController#index (for 127.0.0.1 at 2009-05-11 17:22:28) [GET]
  Parameters: {"action"=>"index", "controller"=>"posts"}
Rendering template within layouts/railsnstuff
Rendering posts/index
Completed in 5ms (View: 2, DB: 1) | 200 OK [http://127.0.0.1/]


Processing ApplicationController#index (for 127.0.0.1 at 2009-05-11 17:22:28) [GET]

ActionController::RoutingError (No route matches "/images/bg-white-bordered.gif" with {:method=>:get}):
  

Rendering rescues/layout (not_found)


Processing PostsController#index (for 127.0.0.1 at 2009-05-11 17:22:49) [GET]
  Parameters: {"action"=>"index", "controller"=>"posts"}
Rendering template within layouts/railsnstuff
Rendering posts/index
Completed in 6ms (View: 3, DB: 1) | 200 OK [http://127.0.0.1/]


Processing ApplicationController#index (for 127.0.0.1 at 2009-05-11 17:22:49) [GET]

ActionController::RoutingError (No route matches "/images/bg-white-bordered.gif" with {:method=>:get}):
  

Rendering rescues/layout (not_found)


Processing PostsController#index (for 127.0.0.1 at 2009-05-11 17:22:56) [GET]
  Parameters: {"action"=>"index", "controller"=>"posts"}
Rendering template within layouts/railsnstuff
Rendering posts/index
Completed in 5ms (View: 2, DB: 1) | 200 OK [http://127.0.0.1/]


Processing ApplicationController#index (for 127.0.0.1 at 2009-05-11 17:22:56) [GET]

ActionController::RoutingError (No route matches "/images/bg-white-bordered.gif" with {:method=>:get}):
  

Rendering rescues/layout (not_found)


Processing PostsController#index (for 127.0.0.1 at 2009-05-11 17:23:02) [GET]
  Parameters: {"action"=>"index", "controller"=>"posts"}
Rendering template within layouts/railsnstuff
Rendering posts/index
Completed in 5ms (View: 3, DB: 1) | 200 OK [http://127.0.0.1/]


Processing ApplicationController#index (for 127.0.0.1 at 2009-05-11 17:23:02) [GET]

ActionController::RoutingError (No route matches "/images/bg-white-bordered.gif" with {:method=>:get}):
  

Rendering rescues/layout (not_found)


Processing PostsController#index (for 127.0.0.1 at 2009-05-11 17:23:15) [GET]
  Parameters: {"action"=>"index", "controller"=>"posts"}
Rendering template within layouts/railsnstuff
Rendering posts/index
Completed in 5ms (View: 2, DB: 1) | 200 OK [http://127.0.0.1/]


Processing ApplicationController#index (for 127.0.0.1 at 2009-05-11 17:23:16) [GET]

ActionController::RoutingError (No route matches "/images/bg-white-bordered.gif" with {:method=>:get}):
  

Rendering rescues/layout (not_found)


Processing PostsController#index (for 127.0.0.1 at 2009-05-11 17:23:24) [GET]
  Parameters: {"action"=>"index", "controller"=>"posts"}
Rendering template within layouts/railsnstuff
Rendering posts/index
Completed in 6ms (View: 3, DB: 1) | 200 OK [http://127.0.0.1/]


Processing ApplicationController#index (for 127.0.0.1 at 2009-05-11 17:23:24) [GET]

ActionController::RoutingError (No route matches "/images/bg-white-bordered.gif" with {:method=>:get}):
  

Rendering rescues/layout (not_found)


Processing PostsController#index (for 127.0.0.1 at 2009-05-11 17:23:47) [GET]
  Parameters: {"action"=>"index", "controller"=>"posts"}
Rendering template within layouts/railsnstuff
Rendering posts/index
Completed in 5ms (View: 2, DB: 1) | 200 OK [http://127.0.0.1/]


Processing ApplicationController#index (for 127.0.0.1 at 2009-05-11 17:23:48) [GET]

ActionController::RoutingError (No route matches "/images/bg-white-bordered.gif" with {:method=>:get}):
  

Rendering rescues/layout (not_found)


Processing PostsController#index (for 127.0.0.1 at 2009-05-11 17:24:07) [GET]
  Parameters: {"action"=>"index", "controller"=>"posts"}
Rendering template within layouts/railsnstuff
Rendering posts/index
Completed in 5ms (View: 3, DB: 1) | 200 OK [http://127.0.0.1/]


Processing ApplicationController#index (for 127.0.0.1 at 2009-05-11 17:24:07) [GET]

ActionController::RoutingError (No route matches "/images/bg-white-bordered.gif" with {:method=>:get}):
  

Rendering rescues/layout (not_found)


Processing PostsController#index (for 127.0.0.1 at 2009-05-11 17:24:18) [GET]
  Parameters: {"action"=>"index", "controller"=>"posts"}
Rendering template within layouts/railsnstuff
Rendering posts/index
Completed in 5ms (View: 3, DB: 1) | 200 OK [http://127.0.0.1/]


Processing ApplicationController#index (for 127.0.0.1 at 2009-05-11 17:24:18) [GET]

ActionController::RoutingError (No route matches "/images/bg-white-bordered.gif" with {:method=>:get}):
  

Rendering rescues/layout (not_found)


Processing PostsController#index (for 127.0.0.1 at 2009-05-11 17:24:29) [GET]
  Parameters: {"action"=>"index", "controller"=>"posts"}
Rendering template within layouts/railsnstuff
Rendering posts/index
Completed in 6ms (View: 3, DB: 1) | 200 OK [http://127.0.0.1/]


Processing ApplicationController#index (for 127.0.0.1 at 2009-05-11 17:24:29) [GET]

ActionController::RoutingError (No route matches "/images/bg-white-bordered.gif" with {:method=>:get}):
  

Rendering rescues/layout (not_found)


Processing PostsController#index (for 127.0.0.1 at 2009-05-11 17:24:39) [GET]
  Parameters: {"action"=>"index", "controller"=>"posts"}
Rendering template within layouts/railsnstuff
Rendering posts/index
Completed in 5ms (View: 2, DB: 1) | 200 OK [http://127.0.0.1/]


Processing ApplicationController#index (for 127.0.0.1 at 2009-05-11 17:24:39) [GET]

ActionController::RoutingError (No route matches "/images/bg-white-bordered.gif" with {:method=>:get}):
  

Rendering rescues/layout (not_found)


Processing PostsController#index (for 127.0.0.1 at 2009-05-11 17:25:20) [GET]
  Parameters: {"action"=>"index", "controller"=>"posts"}
Rendering template within layouts/railsnstuff
Rendering posts/index
Completed in 5ms (View: 3, DB: 1) | 200 OK [http://127.0.0.1/]


Processing ApplicationController#index (for 127.0.0.1 at 2009-05-11 17:25:20) [GET]

ActionController::RoutingError (No route matches "/images/bg-white-bordered.gif" with {:method=>:get}):
  

Rendering rescues/layout (not_found)


Processing PostsController#index (for 127.0.0.1 at 2009-05-11 17:25:32) [GET]
  Parameters: {"action"=>"index", "controller"=>"posts"}
Rendering template within layouts/railsnstuff
Rendering posts/index
Completed in 5ms (View: 3, DB: 1) | 200 OK [http://127.0.0.1/]


Processing ApplicationController#index (for 127.0.0.1 at 2009-05-11 17:25:33) [GET]

ActionController::RoutingError (No route matches "/images/bg-white-bordered.gif" with {:method=>:get}):
  

Rendering rescues/layout (not_found)


Processing PostsController#index (for 127.0.0.1 at 2009-05-11 17:25:51) [GET]
  Parameters: {"action"=>"index", "controller"=>"posts"}
Rendering template within layouts/railsnstuff
Rendering posts/index
Completed in 6ms (View: 3, DB: 1) | 200 OK [http://127.0.0.1/]


Processing ApplicationController#index (for 127.0.0.1 at 2009-05-11 17:25:51) [GET]

ActionController::RoutingError (No route matches "/images/bg-white-bordered.gif" with {:method=>:get}):
  

Rendering rescues/layout (not_found)


Processing ApplicationController#index (for 127.0.0.1 at 2009-05-11 17:25:51) [GET]

ActionController::RoutingError (No route matches "/admin" with {:method=>:get}):
  

Rendering rescues/layout (not_found)


Processing PostsController#index (for 127.0.0.1 at 2009-05-11 17:25:53) [GET]
  Parameters: {"action"=>"index", "controller"=>"posts"}
Rendering template within layouts/railsnstuff
Rendering posts/index
Completed in 6ms (View: 3, DB: 1) | 200 OK [http://127.0.0.1/]


Processing ApplicationController#index (for 127.0.0.1 at 2009-05-11 17:25:53) [GET]

ActionController::RoutingError (No route matches "/images/bg-white-bordered.gif" with {:method=>:get}):
  

Rendering rescues/layout (not_found)


Processing PostsController#index (for 127.0.0.1 at 2009-05-11 17:29:12) [GET]
  Parameters: {"action"=>"index", "controller"=>"posts"}
Rendering template within layouts/railsnstuff
Rendering posts/index
Completed in 6ms (View: 3, DB: 1) | 200 OK [http://127.0.0.1/]


Processing ApplicationController#index (for 127.0.0.1 at 2009-05-11 17:29:12) [GET]

ActionController::RoutingError (No route matches "/images/bg-white-bordered.gif" with {:method=>:get}):
  

Rendering rescues/layout (not_found)


Processing PostsController#index (for 127.0.0.1 at 2009-05-11 17:29:28) [GET]
  Parameters: {"action"=>"index", "controller"=>"posts"}
Rendering template within layouts/railsnstuff
Rendering posts/index
Completed in 5ms (View: 2, DB: 1) | 200 OK [http://127.0.0.1/]


Processing ApplicationController#index (for 127.0.0.1 at 2009-05-11 17:29:28) [GET]

ActionController::RoutingError (No route matches "/images/bg-white-bordered.gif" with {:method=>:get}):
  

Rendering rescues/layout (not_found)


Processing PostsController#index (for 127.0.0.1 at 2009-05-11 17:29:42) [GET]
  Parameters: {"action"=>"index", "controller"=>"posts"}
Rendering template within layouts/railsnstuff
Rendering posts/index
Completed in 5ms (View: 3, DB: 1) | 200 OK [http://127.0.0.1/]


Processing ApplicationController#index (for 127.0.0.1 at 2009-05-11 17:29:42) [GET]

ActionController::RoutingError (No route matches "/images/bg-white-bordered.gif" with {:method=>:get}):
  

Rendering rescues/layout (not_found)


Processing PostsController#index (for 127.0.0.1 at 2009-05-11 17:29:54) [GET]
  Parameters: {"action"=>"index", "controller"=>"posts"}
Rendering template within layouts/railsnstuff
Rendering posts/index
Completed in 6ms (View: 3, DB: 1) | 200 OK [http://127.0.0.1/]


Processing ApplicationController#index (for 127.0.0.1 at 2009-05-11 17:29:54) [GET]

ActionController::RoutingError (No route matches "/images/bg-white-bordered.gif" with {:method=>:get}):
  

Rendering rescues/layout (not_found)


Processing PostsController#index (for 127.0.0.1 at 2009-05-11 17:30:13) [GET]
  Parameters: {"action"=>"index", "controller"=>"posts"}
Rendering template within layouts/railsnstuff
Rendering posts/index
Completed in 6ms (View: 3, DB: 1) | 200 OK [http://127.0.0.1/]


Processing ApplicationController#index (for 127.0.0.1 at 2009-05-11 17:30:13) [GET]

ActionController::RoutingError (No route matches "/images/bg-white-bordered.gif" with {:method=>:get}):
  

Rendering rescues/layout (not_found)


Processing PostsController#index (for 127.0.0.1 at 2009-05-11 17:30:36) [GET]
  Parameters: {"action"=>"index", "controller"=>"posts"}
Rendering template within layouts/railsnstuff
Rendering posts/index
Completed in 10ms (View: 7, DB: 1) | 200 OK [http://127.0.0.1/]


Processing ApplicationController#index (for 127.0.0.1 at 2009-05-11 17:30:36) [GET]

ActionController::RoutingError (No route matches "/images/bg-white-bordered.gif" with {:method=>:get}):
  

Rendering rescues/layout (not_found)


Processing PostsController#index (for 127.0.0.1 at 2009-05-11 17:31:08) [GET]
  Parameters: {"action"=>"index", "controller"=>"posts"}
Rendering template within layouts/railsnstuff
Rendering posts/index
Completed in 5ms (View: 2, DB: 1) | 200 OK [http://127.0.0.1/]


Processing ApplicationController#index (for 127.0.0.1 at 2009-05-11 17:31:08) [GET]

ActionController::RoutingError (No route matches "/images/bg-white-bordered.gif" with {:method=>:get}):
  

Rendering rescues/layout (not_found)


Processing PostsController#index (for 127.0.0.1 at 2009-05-11 17:31:19) [GET]
  Parameters: {"action"=>"index", "controller"=>"posts"}
Rendering template within layouts/railsnstuff
Rendering posts/index
Completed in 5ms (View: 2, DB: 1) | 200 OK [http://127.0.0.1/]


Processing ApplicationController#index (for 127.0.0.1 at 2009-05-11 17:31:19) [GET]

ActionController::RoutingError (No route matches "/images/bg-white-bordered.gif" with {:method=>:get}):
  

Rendering rescues/layout (not_found)


Processing PostsController#index (for 127.0.0.1 at 2009-05-11 17:31:39) [GET]
  Parameters: {"action"=>"index", "controller"=>"posts"}
Rendering template within layouts/railsnstuff
Rendering posts/index
Completed in 6ms (View: 3, DB: 1) | 200 OK [http://127.0.0.1/]


Processing ApplicationController#index (for 127.0.0.1 at 2009-05-11 17:31:39) [GET]

ActionController::RoutingError (No route matches "/images/bg-white-bordered.gif" with {:method=>:get}):
  

Rendering rescues/layout (not_found)


Processing PostsController#index (for 127.0.0.1 at 2009-05-11 17:31:51) [GET]
  Parameters: {"action"=>"index", "controller"=>"posts"}
Rendering template within layouts/railsnstuff
Rendering posts/index
Completed in 6ms (View: 3, DB: 1) | 200 OK [http://127.0.0.1/]


Processing ApplicationController#index (for 127.0.0.1 at 2009-05-11 17:31:51) [GET]

ActionController::RoutingError (No route matches "/images/bg-white-bordered.gif" with {:method=>:get}):
  

Rendering rescues/layout (not_found)


Processing PostsController#index (for 127.0.0.1 at 2009-05-11 17:33:25) [GET]
  Parameters: {"action"=>"index", "controller"=>"posts"}
Rendering template within layouts/railsnstuff
Rendering posts/index
Completed in 11ms (View: 8, DB: 1) | 200 OK [http://127.0.0.1/]


Processing ApplicationController#index (for 127.0.0.1 at 2009-05-11 17:33:26) [GET]

ActionController::RoutingError (No route matches "/images/bg-white-bordered.gif" with {:method=>:get}):
  

Rendering rescues/layout (not_found)


Processing PostsController#index (for 127.0.0.1 at 2009-05-11 17:33:47) [GET]
  Parameters: {"action"=>"index", "controller"=>"posts"}
Rendering template within layouts/railsnstuff
Rendering posts/index
Completed in 11ms (View: 8, DB: 1) | 200 OK [http://127.0.0.1/]


Processing ApplicationController#index (for 127.0.0.1 at 2009-05-11 17:33:47) [GET]

ActionController::RoutingError (No route matches "/images/bg-white-bordered.gif" with {:method=>:get}):
  

Rendering rescues/layout (not_found)


Processing PostsController#index (for 127.0.0.1 at 2009-05-11 17:34:23) [GET]
  Parameters: {"action"=>"index", "controller"=>"posts"}
Rendering template within layouts/railsnstuff
Rendering posts/index
Completed in 6ms (View: 3, DB: 1) | 200 OK [http://127.0.0.1/]


Processing ApplicationController#index (for 127.0.0.1 at 2009-05-11 17:34:23) [GET]

ActionController::RoutingError (No route matches "/images/bg-white-bordered.gif" with {:method=>:get}):
  

Rendering rescues/layout (not_found)


Processing PostsController#index (for 127.0.0.1 at 2009-05-11 17:34:33) [GET]
  Parameters: {"action"=>"index", "controller"=>"posts"}
Rendering template within layouts/railsnstuff
Rendering posts/index
Completed in 6ms (View: 3, DB: 1) | 200 OK [http://127.0.0.1/]


Processing ApplicationController#index (for 127.0.0.1 at 2009-05-11 17:34:33) [GET]

ActionController::RoutingError (No route matches "/images/bg-white-bordered.gif" with {:method=>:get}):
  

Rendering rescues/layout (not_found)


Processing PostsController#index (for 127.0.0.1 at 2009-05-11 17:35:13) [GET]
  Parameters: {"action"=>"index", "controller"=>"posts"}
Rendering template within layouts/railsnstuff
Rendering posts/index
Completed in 5ms (View: 3, DB: 1) | 200 OK [http://127.0.0.1/]


Processing ApplicationController#index (for 127.0.0.1 at 2009-05-11 17:35:13) [GET]

ActionController::RoutingError (No route matches "/images/bg-white-bordered.gif" with {:method=>:get}):
  

Rendering rescues/layout (not_found)


Processing PostsController#index (for 127.0.0.1 at 2009-05-11 17:35:34) [GET]
  Parameters: {"action"=>"index", "controller"=>"posts"}
Rendering template within layouts/railsnstuff
Rendering posts/index
Completed in 6ms (View: 3, DB: 1) | 200 OK [http://127.0.0.1/]


Processing ApplicationController#index (for 127.0.0.1 at 2009-05-11 17:35:34) [GET]

ActionController::RoutingError (No route matches "/images/bg-white-bordered.gif" with {:method=>:get}):
  

Rendering rescues/layout (not_found)


Processing PostsController#index (for 127.0.0.1 at 2009-05-11 17:35:45) [GET]
  Parameters: {"action"=>"index", "controller"=>"posts"}
Rendering template within layouts/railsnstuff
Rendering posts/index
Completed in 6ms (View: 3, DB: 1) | 200 OK [http://127.0.0.1/]


Processing ApplicationController#index (for 127.0.0.1 at 2009-05-11 17:35:45) [GET]

ActionController::RoutingError (No route matches "/images/bg-white-bordered.gif" with {:method=>:get}):
  

Rendering rescues/layout (not_found)


Processing PostsController#index (for 127.0.0.1 at 2009-05-11 17:35:59) [GET]
  Parameters: {"action"=>"index", "controller"=>"posts"}
Rendering template within layouts/railsnstuff
Rendering posts/index
Completed in 6ms (View: 3, DB: 1) | 200 OK [http://127.0.0.1/]


Processing ApplicationController#index (for 127.0.0.1 at 2009-05-11 17:35:59) [GET]

ActionController::RoutingError (No route matches "/images/bg-white-bordered.gif" with {:method=>:get}):
  

Rendering rescues/layout (not_found)


Processing PostsController#index (for 127.0.0.1 at 2009-05-11 17:36:50) [GET]
  Parameters: {"action"=>"index", "controller"=>"posts"}
Rendering template within layouts/railsnstuff
Rendering posts/index
Completed in 12ms (View: 9, DB: 1) | 200 OK [http://127.0.0.1/]


Processing ApplicationController#index (for 127.0.0.1 at 2009-05-11 17:36:51) [GET]

ActionController::RoutingError (No route matches "/images/bg-white-bordered.gif" with {:method=>:get}):
  

Rendering rescues/layout (not_found)


Processing PostsController#index (for 127.0.0.1 at 2009-05-11 17:38:03) [GET]
  Parameters: {"action"=>"index", "controller"=>"posts"}
Rendering template within layouts/railsnstuff
Rendering posts/index
Completed in 11ms (View: 8, DB: 1) | 200 OK [http://127.0.0.1/]


Processing ApplicationController#index (for 127.0.0.1 at 2009-05-11 17:38:03) [GET]

ActionController::RoutingError (No route matches "/images/bg-white-bordered.gif" with {:method=>:get}):
  

Rendering rescues/layout (not_found)


Processing PostsController#index (for 127.0.0.1 at 2009-05-11 17:44:49) [GET]
  Parameters: {"action"=>"index", "controller"=>"posts"}
Rendering template within layouts/railsnstuff
Rendering posts/index
Completed in 11ms (View: 8, DB: 1) | 200 OK [http://127.0.0.1/]


Processing ApplicationController#index (for 127.0.0.1 at 2009-05-11 17:44:49) [GET]

ActionController::RoutingError (No route matches "/images/bg-white-bordered.gif" with {:method=>:get}):
  

Rendering rescues/layout (not_found)


Processing PostsController#index (for 127.0.0.1 at 2009-05-11 17:44:58) [GET]
  Parameters: {"action"=>"index", "controller"=>"posts"}
Rendering template within layouts/railsnstuff
Rendering posts/index
Completed in 6ms (View: 3, DB: 1) | 200 OK [http://127.0.0.1/]


Processing ApplicationController#index (for 127.0.0.1 at 2009-05-11 17:44:58) [GET]

ActionController::RoutingError (No route matches "/images/bg-white-bordered.gif" with {:method=>:get}):
  

Rendering rescues/layout (not_found)


Processing PostsController#index (for 127.0.0.1 at 2009-05-11 17:45:07) [GET]
  Parameters: {"action"=>"index", "controller"=>"posts"}
Rendering template within layouts/railsnstuff
Rendering posts/index
Completed in 6ms (View: 3, DB: 1) | 200 OK [http://127.0.0.1/]


Processing ApplicationController#index (for 127.0.0.1 at 2009-05-11 17:45:08) [GET]

ActionController::RoutingError (No route matches "/images/bg-white-bordered.gif" with {:method=>:get}):
  

Rendering rescues/layout (not_found)


Processing PostsController#index (for 127.0.0.1 at 2009-05-11 17:45:13) [GET]
  Parameters: {"action"=>"index", "controller"=>"posts"}
Rendering template within layouts/railsnstuff
Rendering posts/index
Completed in 6ms (View: 3, DB: 1) | 200 OK [http://127.0.0.1/]


Processing ApplicationController#index (for 127.0.0.1 at 2009-05-11 17:45:13) [GET]

ActionController::RoutingError (No route matches "/images/bg-white-bordered.gif" with {:method=>:get}):
  

Rendering rescues/layout (not_found)


Processing PostsController#index (for 127.0.0.1 at 2009-05-11 17:48:07) [GET]
  Parameters: {"action"=>"index", "controller"=>"posts"}
Rendering template within layouts/railsnstuff
Rendering posts/index
Completed in 12ms (View: 9, DB: 1) | 200 OK [http://127.0.0.1/]


Processing ApplicationController#index (for 127.0.0.1 at 2009-05-11 17:48:07) [GET]

ActionController::RoutingError (No route matches "/images/bg-white-bordered.gif" with {:method=>:get}):
  

Rendering rescues/layout (not_found)


Processing PostsController#index (for 127.0.0.1 at 2009-05-11 17:49:05) [GET]
  Parameters: {"action"=>"index", "controller"=>"posts"}
Rendering template within layouts/railsnstuff
Rendering posts/index
Completed in 11ms (View: 9, DB: 1) | 200 OK [http://127.0.0.1/]


Processing ApplicationController#index (for 127.0.0.1 at 2009-05-11 17:49:05) [GET]

ActionController::RoutingError (No route matches "/images/bg-white-bordered.gif" with {:method=>:get}):
  

Rendering rescues/layout (not_found)


Processing PostsController#index (for 127.0.0.1 at 2009-05-11 17:49:19) [GET]
  Parameters: {"action"=>"index", "controller"=>"posts"}
Rendering template within layouts/railsnstuff
Rendering posts/index
Completed in 11ms (View: 8, DB: 1) | 200 OK [http://127.0.0.1/]


Processing ApplicationController#index (for 127.0.0.1 at 2009-05-11 17:49:19) [GET]

ActionController::RoutingError (No route matches "/images/bg-white-bordered.gif" with {:method=>:get}):
  

Rendering rescues/layout (not_found)


Processing PostsController#index (for 127.0.0.1 at 2009-05-11 17:50:12) [GET]
  Parameters: {"action"=>"index", "controller"=>"posts"}
Rendering template within layouts/railsnstuff
Rendering posts/index
Completed in 11ms (View: 9, DB: 1) | 200 OK [http://127.0.0.1/]


Processing ApplicationController#index (for 127.0.0.1 at 2009-05-11 17:50:12) [GET]

ActionController::RoutingError (No route matches "/images/bg-white-bordered.gif" with {:method=>:get}):
  

Rendering rescues/layout (not_found)


Processing PostsController#index (for 127.0.0.1 at 2009-05-11 17:50:41) [GET]
  Parameters: {"action"=>"index", "controller"=>"posts"}
Rendering template within layouts/railsnstuff
Rendering posts/index
Completed in 12ms (View: 9, DB: 1) | 200 OK [http://127.0.0.1/]


Processing ApplicationController#index (for 127.0.0.1 at 2009-05-11 17:50:41) [GET]

ActionController::RoutingError (No route matches "/images/bg-white-bordered.gif" with {:method=>:get}):
  

Rendering rescues/layout (not_found)


Processing PostsController#index (for 127.0.0.1 at 2009-05-11 17:51:18) [GET]
  Parameters: {"action"=>"index", "controller"=>"posts"}
Rendering template within layouts/railsnstuff
Rendering posts/index
Completed in 6ms (View: 3, DB: 1) | 200 OK [http://127.0.0.1/]


Processing ApplicationController#index (for 127.0.0.1 at 2009-05-11 17:51:18) [GET]

ActionController::RoutingError (No route matches "/images/bg-white-bordered.gif" with {:method=>:get}):
  

Rendering rescues/layout (not_found)


Processing PostsController#index (for 127.0.0.1 at 2009-05-11 17:52:08) [GET]
  Parameters: {"action"=>"index", "controller"=>"posts"}
Rendering template within layouts/railsnstuff
Rendering posts/index
Completed in 13ms (View: 10, DB: 1) | 200 OK [http://127.0.0.1/]


Processing ApplicationController#index (for 127.0.0.1 at 2009-05-11 17:52:09) [GET]

ActionController::RoutingError (No route matches "/images/bg-white-bordered.gif" with {:method=>:get}):
  

Rendering rescues/layout (not_found)


Processing PostsController#index (for 127.0.0.1 at 2009-05-11 17:52:44) [GET]
  Parameters: {"action"=>"index", "controller"=>"posts"}
Rendering template within layouts/railsnstuff
Rendering posts/index
Completed in 6ms (View: 3, DB: 1) | 200 OK [http://127.0.0.1/]


Processing ApplicationController#index (for 127.0.0.1 at 2009-05-11 17:52:45) [GET]

ActionController::RoutingError (No route matches "/images/bg-white-bordered.gif" with {:method=>:get}):
  

Rendering rescues/layout (not_found)


Processing PostsController#index (for 127.0.0.1 at 2009-05-11 17:52:49) [GET]
  Parameters: {"action"=>"index", "controller"=>"posts"}
Rendering template within layouts/railsnstuff
Rendering posts/index
Completed in 6ms (View: 3, DB: 1) | 200 OK [http://127.0.0.1/]


Processing ApplicationController#index (for 127.0.0.1 at 2009-05-11 17:52:49) [GET]

ActionController::RoutingError (No route matches "/images/bg-white-bordered.gif" with {:method=>:get}):
  

Rendering rescues/layout (not_found)


Processing PostsController#index (for 127.0.0.1 at 2009-05-11 17:53:45) [GET]
  Parameters: {"action"=>"index", "controller"=>"posts"}
Rendering template within layouts/railsnstuff
Rendering posts/index
Completed in 12ms (View: 9, DB: 1) | 200 OK [http://127.0.0.1/]


Processing ApplicationController#index (for 127.0.0.1 at 2009-05-11 17:53:45) [GET]

ActionController::RoutingError (No route matches "/images/bg-white-bordered.gif" with {:method=>:get}):
  

Rendering rescues/layout (not_found)


Processing PostsController#index (for 127.0.0.1 at 2009-05-11 17:53:50) [GET]
  Parameters: {"action"=>"index", "controller"=>"posts"}
Rendering template within layouts/railsnstuff
Rendering posts/index
Completed in 6ms (View: 3, DB: 1) | 200 OK [http://127.0.0.1/]


Processing ApplicationController#index (for 127.0.0.1 at 2009-05-11 17:53:51) [GET]

ActionController::RoutingError (No route matches "/images/bg-white-bordered.gif" with {:method=>:get}):
  

Rendering rescues/layout (not_found)


Processing PostsController#index (for 127.0.0.1 at 2009-05-11 17:53:55) [GET]
  Parameters: {"action"=>"index", "controller"=>"posts"}
Rendering template within layouts/railsnstuff
Rendering posts/index
Completed in 6ms (View: 3, DB: 1) | 200 OK [http://127.0.0.1/]


Processing ApplicationController#index (for 127.0.0.1 at 2009-05-11 17:53:55) [GET]

ActionController::RoutingError (No route matches "/images/bg-white-bordered.gif" with {:method=>:get}):
  

Rendering rescues/layout (not_found)


Processing PostsController#index (for 127.0.0.1 at 2009-05-11 17:54:51) [GET]
  Parameters: {"action"=>"index", "controller"=>"posts"}
Rendering template within layouts/railsnstuff
Rendering posts/index
Completed in 6ms (View: 3, DB: 1) | 200 OK [http://127.0.0.1/]


Processing ApplicationController#index (for 127.0.0.1 at 2009-05-11 17:54:51) [GET]

ActionController::RoutingError (No route matches "/images/bg-white-bordered.gif" with {:method=>:get}):
  

Rendering rescues/layout (not_found)


Processing PostsController#index (for 127.0.0.1 at 2009-05-11 17:55:01) [GET]
  Parameters: {"action"=>"index", "controller"=>"posts"}
Rendering template within layouts/railsnstuff
Rendering posts/index
Completed in 6ms (View: 3, DB: 1) | 200 OK [http://127.0.0.1/]


Processing ApplicationController#index (for 127.0.0.1 at 2009-05-11 17:55:01) [GET]

ActionController::RoutingError (No route matches "/images/bg-white-bordered.gif" with {:method=>:get}):
  

Rendering rescues/layout (not_found)


Processing PostsController#index (for 127.0.0.1 at 2009-05-11 17:55:11) [GET]
  Parameters: {"action"=>"index", "controller"=>"posts"}
Rendering template within layouts/railsnstuff
Rendering posts/index
Completed in 6ms (View: 3, DB: 1) | 200 OK [http://127.0.0.1/]


Processing ApplicationController#index (for 127.0.0.1 at 2009-05-11 17:55:11) [GET]

ActionController::RoutingError (No route matches "/images/bg-white-bordered.gif" with {:method=>:get}):
  

Rendering rescues/layout (not_found)


Processing PostsController#index (for 127.0.0.1 at 2009-05-11 17:55:16) [GET]
  Parameters: {"action"=>"index", "controller"=>"posts"}
Rendering template within layouts/railsnstuff
Rendering posts/index
Completed in 6ms (View: 3, DB: 1) | 200 OK [http://127.0.0.1/]


Processing ApplicationController#index (for 127.0.0.1 at 2009-05-11 17:55:16) [GET]

ActionController::RoutingError (No route matches "/images/bg-white-bordered.gif" with {:method=>:get}):
  

Rendering rescues/layout (not_found)


Processing PostsController#index (for 127.0.0.1 at 2009-05-11 17:55:21) [GET]
  Parameters: {"action"=>"index", "controller"=>"posts"}
Rendering template within layouts/railsnstuff
Rendering posts/index
Completed in 6ms (View: 3, DB: 1) | 200 OK [http://127.0.0.1/]


Processing ApplicationController#index (for 127.0.0.1 at 2009-05-11 17:55:21) [GET]

ActionController::RoutingError (No route matches "/images/bg-white-bordered.gif" with {:method=>:get}):
  

Rendering rescues/layout (not_found)


Processing PostsController#index (for 127.0.0.1 at 2009-05-11 17:55:39) [GET]
  Parameters: {"action"=>"index", "controller"=>"posts"}
Rendering template within layouts/railsnstuff
Rendering posts/index
Completed in 6ms (View: 3, DB: 1) | 200 OK [http://127.0.0.1/]


Processing ApplicationController#index (for 127.0.0.1 at 2009-05-11 17:55:39) [GET]

ActionController::RoutingError (No route matches "/images/bg-white-bordered.gif" with {:method=>:get}):
  

Rendering rescues/layout (not_found)


Processing PostsController#index (for 127.0.0.1 at 2009-05-11 17:56:35) [GET]
  Parameters: {"action"=>"index", "controller"=>"posts"}
Rendering template within layouts/railsnstuff
Rendering posts/index
Completed in 13ms (View: 10, DB: 1) | 200 OK [http://127.0.0.1/]


Processing ApplicationController#index (for 127.0.0.1 at 2009-05-11 17:56:35) [GET]

ActionController::RoutingError (No route matches "/images/bg-white-bordered.gif" with {:method=>:get}):
  

Rendering rescues/layout (not_found)


Processing PostsController#index (for 127.0.0.1 at 2009-05-11 17:57:00) [GET]
  Parameters: {"action"=>"index", "controller"=>"posts"}
Rendering template within layouts/railsnstuff
Rendering posts/index
Completed in 13ms (View: 10, DB: 1) | 200 OK [http://127.0.0.1/]


Processing ApplicationController#index (for 127.0.0.1 at 2009-05-11 17:57:01) [GET]

ActionController::RoutingError (No route matches "/images/bg-white-bordered.gif" with {:method=>:get}):
  

Rendering rescues/layout (not_found)


Processing PostsController#index (for 127.0.0.1 at 2009-05-11 17:57:12) [GET]
  Parameters: {"action"=>"index", "controller"=>"posts"}
Rendering template within layouts/railsnstuff
Rendering posts/index
Completed in 6ms (View: 3, DB: 1) | 200 OK [http://127.0.0.1/]


Processing ApplicationController#index (for 127.0.0.1 at 2009-05-11 17:57:12) [GET]

ActionController::RoutingError (No route matches "/images/bg-white-bordered.gif" with {:method=>:get}):
  

Rendering rescues/layout (not_found)


Processing PostsController#index (for 127.0.0.1 at 2009-05-11 17:57:39) [GET]
  Parameters: {"action"=>"index", "controller"=>"posts"}
Rendering template within layouts/railsnstuff
Rendering posts/index
Completed in 6ms (View: 3, DB: 1) | 200 OK [http://127.0.0.1/]


Processing ApplicationController#index (for 127.0.0.1 at 2009-05-11 17:57:39) [GET]

ActionController::RoutingError (No route matches "/images/bg-white-bordered.gif" with {:method=>:get}):
  

Rendering rescues/layout (not_found)


Processing SessionsController#new (for 127.0.0.1 at 2009-05-11 17:58:55) [GET]
  Parameters: {"action"=>"new", "controller"=>"sessions"}
Rendering template within layouts/railsnstuff
Rendering sessions/new
Completed in 38ms (View: 34, DB: 1) | 200 OK [http://127.0.0.1/login]


Processing ApplicationController#index (for 127.0.0.1 at 2009-05-11 17:58:55) [GET]

ActionController::RoutingError (No route matches "/images/bg-white-bordered.gif" with {:method=>:get}):
  

Rendering rescues/layout (not_found)


Processing SessionsController#new (for 127.0.0.1 at 2009-05-11 18:00:53) [GET]
  Parameters: {"action"=>"new", "controller"=>"sessions"}
Rendering template within layouts/railsnstuff
Rendering sessions/new
Completed in 10ms (View: 7, DB: 1) | 200 OK [http://127.0.0.1/login]


Processing ApplicationController#index (for 127.0.0.1 at 2009-05-11 18:00:54) [GET]

ActionController::RoutingError (No route matches "/images/bg-white-bordered.gif" with {:method=>:get}):
  

Rendering rescues/layout (not_found)


Processing UsersController#new (for 127.0.0.1 at 2009-05-11 18:01:02) [GET]
  Parameters: {"action"=>"new", "controller"=>"users"}
Rendering template within layouts/railsnstuff
Rendering users/new
Completed in 51ms (View: 45, DB: 1) | 200 OK [http://127.0.0.1/signup]


Processing ApplicationController#index (for 127.0.0.1 at 2009-05-11 18:01:02) [GET]

ActionController::RoutingError (No route matches "/images/bg-white-bordered.gif" with {:method=>:get}):
  

Rendering rescues/layout (not_found)


Processing UsersController#new (for 127.0.0.1 at 2009-05-11 18:02:57) [GET]
  Parameters: {"action"=>"new", "controller"=>"users"}
Rendering template within layouts/railsnstuff
Rendering users/new
Completed in 13ms (View: 9, DB: 0) | 200 OK [http://127.0.0.1/signup]


Processing ApplicationController#index (for 127.0.0.1 at 2009-05-11 18:02:57) [GET]

ActionController::RoutingError (No route matches "/images/bg-white-bordered.gif" with {:method=>:get}):
  

Rendering rescues/layout (not_found)


Processing UsersController#create (for 127.0.0.1 at 2009-05-11 18:03:04) [POST]
  Parameters: {"user"=>{"password_confirmation"=>"[FILTERED]", "password"=>"[FILTERED]", "email"=>"info@dinshawdesign.com"}, "commit"=>"Sign up", "action"=>"create", "authenticity_token"=>"6WDmp3dGwINNd+/0V5iWTAJKkTqgkzMeuIT5Z2DHhGM=", "controller"=>"users"}
  [4;36;1mUser Exists (13.0ms)[0m   [0;1mSELECT "users".id FROM "users" WHERE ("users"."email" = 'info@dinshawdesign.com') LIMIT 1[0m
  [4;35;1mCACHE (0.0ms)[0m   [0mSELECT "users".id FROM "users" WHERE ("users"."email" = 'info@dinshawdesign.com') LIMIT 1[0m
  [4;36;1mUser Create (0.6ms)[0m   [0;1mINSERT INTO "users" ("name", "salt", "updated_at", "activated_at", "crypted_password", "deleted_at", "remember_token_expires_at", "activation_code", "remember_token", "login", "email", "created_at", "state") VALUES('', '11760db8d287ecf54f6067c7c1abec1141b1b2b5', '2009-05-11 22:03:04', NULL, '9a6b47ee05c6b0135b2d2aca155712a9635b534c', NULL, NULL, '7026e5867758a92c631af0f0d58bc48570e857d8', NULL, NULL, 'info@dinshawdesign.com', '2009-05-11 22:03:04', 'pending')[0m
Sent mail to info@dinshawdesign.com

Date: Mon, 11 May 2009 18:03:04 -0400
From: ADMINEMAIL
To: info@dinshawdesign.com
Subject: [YOURSITE] Please activate your new account
Mime-Version: 1.0
Content-Type: text/plain; charset=utf-8

Your account has been created.

  Username: info@dinshawdesign.com
  Password: F5236p

Visit this url to activate your account:

  http://YOURSITE/activate/7026e5867758a92c631af0f0d58bc48570e857d8
  [4;35;1mUser Exists (0.3ms)[0m   [0mSELECT "users".id FROM "users" WHERE ("users"."email" = 'info@dinshawdesign.com' AND "users".id <> 1) LIMIT 1[0m
Redirected to http://127.0.0.1:3000/
Completed in 174ms (DB: 15) | 302 Found [http://127.0.0.1/users]


Processing PostsController#index (for 127.0.0.1 at 2009-05-11 18:03:04) [GET]
  Parameters: {"action"=>"index", "controller"=>"posts"}
Rendering template within layouts/railsnstuff
Rendering posts/index
Completed in 11ms (View: 8, DB: 1) | 200 OK [http://127.0.0.1/]


Processing ApplicationController#index (for 127.0.0.1 at 2009-05-11 18:03:04) [GET]

ActionController::RoutingError (No route matches "/images/bg-white-bordered.gif" with {:method=>:get}):
  

Rendering rescues/layout (not_found)


Processing ApplicationController#index (for 127.0.0.1 at 2009-05-11 18:03:10) [GET]

ActionController::RoutingError (No route matches "/admin" with {:method=>:get}):
  

Rendering rescues/layout (not_found)


Processing Admin::PostsController#index (for 127.0.0.1 at 2009-05-11 18:03:24) [GET]
  Parameters: {"action"=>"index", "controller"=>"admin/posts"}
  [4;36;1mPost Load (14.0ms)[0m   [0;1mSELECT * FROM "posts" [0m
Rendering template within layouts/railsnstuff
Rendering admin/posts/index
Completed in 29ms (View: 12, DB: 14) | 200 OK [http://127.0.0.1/admin/posts]


Processing ApplicationController#index (for 127.0.0.1 at 2009-05-11 18:03:24) [GET]

ActionController::RoutingError (No route matches "/images/bg-white-bordered.gif" with {:method=>:get}):
  

Rendering rescues/layout (not_found)
